<?xml version="1.0" encoding="UTF-8"?>
<robot generator="Robot 6.0.2 (Python 3.11.2 on win32)" generated="20230228 17:58:32.365" rpa="false" schemaversion="3">
<suite id="s1" name="VisionProject.Testsuite" source="D:\com.visionProject.android\Com.visionProject.Android\VisionProject.Testsuite">
<suite id="s1-s1" name="Verify that Deep link URL is providing QR code" source="D:\com.visionProject.android\Com.visionProject.Android\VisionProject.Testsuite\Verify that Deep link URL is providing QR code.robot">
<test id="s1-s1-t1" name="Verify that Deep link URL is providing QR code" line="13">
<kw name="Launch browser and input url" library="Setup keywords">
<kw name="Open Browser" library="WebApplicationTestLibrary">
<arg>${url}</arg>
<arg>${Browser}</arg>
<doc>Opens a new browser instance to the optional ``url``.</doc>
<msg timestamp="20230228 17:58:32.938" level="INFO">Opening browser 'chrome' to base url 'https://social.vision-project.co/?studyID=d2563e38-04e4-4c06-8323-f8c4722040b0&amp;userID=Jai'.</msg>
<status status="PASS" starttime="20230228 17:58:32.937" endtime="20230228 17:58:40.989"/>
</kw>
<kw name="Maximize Browser Window" library="WebApplicationTestLibrary">
<doc>Maximizes current browser window.</doc>
<status status="PASS" starttime="20230228 17:58:40.990" endtime="20230228 17:58:41.119"/>
</kw>
<status status="PASS" starttime="20230228 17:58:32.937" endtime="20230228 17:58:41.119"/>
</kw>
<kw name="wait until QR code generated and validate QR code link details and log to console" library="QR_Code_page_keywords">
<kw name="Wait Until Page Contains" library="WebApplicationTestLibrary">
<arg>Study cannot be conducted here</arg>
<doc>Waits until ``text`` appears on the current page.</doc>
<status status="PASS" starttime="20230228 17:58:41.120" endtime="20230228 17:58:41.154"/>
</kw>
<kw name="Element Should Be Visible" library="WebApplicationTestLibrary">
<arg>${QR_Code}</arg>
<doc>Verifies that the element identified by ``locator`` is visible.</doc>
<msg timestamp="20230228 17:58:41.189" level="INFO">Element '//*[@viewBox='0 0 256 256']' is displayed.</msg>
<status status="PASS" starttime="20230228 17:58:41.154" endtime="20230228 17:58:41.189"/>
</kw>
<kw name="Capture Element Screenshot" library="WebApplicationTestLibrary">
<var>${captured_img}</var>
<arg>${QR_Code}</arg>
<doc>Captures a screenshot from the element identified by ``locator`` and embeds it into log file.</doc>
<msg timestamp="20230228 17:58:41.328" level="INFO" html="true">&lt;/td&gt;&lt;/tr&gt;&lt;tr&gt;&lt;td colspan="3"&gt;&lt;a href="selenium-element-screenshot-1.png"&gt;&lt;img src="selenium-element-screenshot-1.png" width="400px"&gt;&lt;/a&gt;</msg>
<msg timestamp="20230228 17:58:41.328" level="INFO">${captured_img} = D:\com.visionProject.android\Com.visionProject.Android\VisionProject.TestResults\28-02-23_17-58-32\selenium-element-screenshot-1.png</msg>
<status status="PASS" starttime="20230228 17:58:41.189" endtime="20230228 17:58:41.328"/>
</kw>
<kw name="Scan QR Code" library="WebApplicationTestLibrary">
<var>${QRCodedata}</var>
<arg>${captured_img}</arg>
<msg timestamp="20230228 17:58:42.838" level="INFO">3.4.1 (3, 4, 1)</msg>
<msg timestamp="20230228 17:58:42.838" level="INFO">${QRCodedata} = BarCode(raw='https://social.vision-project.co/?studyID=d2563e38-04e4-4c06-8323-f8c4722040b0&amp;userID=Jai', parsed='https://social.vision-project.co/?studyID=d2563e38-04e4-4c06-8323-f8c4722040b0&amp;userID=J...</msg>
<status status="PASS" starttime="20230228 17:58:41.329" endtime="20230228 17:58:42.838"/>
</kw>
<kw name="Log To Console" library="BuiltIn">
<arg>${QRCodedata}</arg>
<doc>Logs the given message to the console.</doc>
<status status="PASS" starttime="20230228 17:58:42.838" endtime="20230228 17:58:42.839"/>
</kw>
<status status="PASS" starttime="20230228 17:58:41.120" endtime="20230228 17:58:42.839"/>
</kw>
<doc>verification of barcode generation of specified link</doc>
<tag>Regression</tag>
<status status="PASS" starttime="20230228 17:58:32.936" endtime="20230228 17:58:42.839"/>
</test>
<status status="PASS" starttime="20230228 17:58:32.397" endtime="20230228 17:58:42.840"/>
</suite>
<suite id="s1-s2" name="Verify that Google Play button redirecting user to Vision Project on play store" source="D:\com.visionProject.android\Com.visionProject.Android\VisionProject.Testsuite\Verify that Google Play button redirecting user to Vision Project on play store.robot">
<kw name="Setup before suit start" library="Setup keywords" type="SETUP">
<kw name="Start Emulator" library="MobileTestLibrary">
<arg>${Emualator_Name}</arg>
<arg>${device_Type}</arg>
<msg timestamp="20230228 17:58:47.167" level="INFO">Starting emulator...
Started emulator...</msg>
<status status="PASS" starttime="20230228 17:58:42.856" endtime="20230228 17:58:47.168"/>
</kw>
<kw name="Sleep" library="BuiltIn">
<arg>1</arg>
<doc>Pauses the test executed for the given time.</doc>
<msg timestamp="20230228 17:58:48.169" level="INFO">Slept 1 second</msg>
<status status="PASS" starttime="20230228 17:58:47.168" endtime="20230228 17:58:48.169"/>
</kw>
<kw name="Start Appium Service" library="MobileTestLibrary">
<status status="PASS" starttime="20230228 17:58:48.171" endtime="20230228 17:58:49.906"/>
</kw>
<kw name="Sleep" library="BuiltIn">
<arg>1</arg>
<doc>Pauses the test executed for the given time.</doc>
<msg timestamp="20230228 17:58:50.908" level="INFO">Slept 1 second</msg>
<status status="PASS" starttime="20230228 17:58:49.906" endtime="20230228 17:58:50.908"/>
</kw>
<status status="PASS" starttime="20230228 17:58:42.856" endtime="20230228 17:58:50.908"/>
</kw>
<test id="s1-s2-t1" name="Verify that Google Play button redirecting user to Vision Project on play store" line="14">
<kw name="Launch application" library="Setup keywords" type="SETUP">
<kw name="Open Application" library="AppiumLibrary">
<arg>${remote_url}</arg>
<arg>&amp;{device}</arg>
<doc>Opens a new application to given Appium server.
Capabilities of appium server, Android and iOS,
Please check https://github.com/appium/appium/blob/master/docs/en/writing-running-appium/server-args.md
| *Option*            | *Man.* | *Description*     |
| remote_url          | Yes    | Appium server url |
| alias               | no     | alias             |
| strict_ssl          | No     | allows you to send commands to an invalid certificate host like a self-signed one. |</doc>
<kw name="Capture Page Screenshot">
<msg timestamp="20230228 17:59:01.501" level="FAIL">Multiple keywords with name 'Capture Page Screenshot' found. Give the full name of the keyword you want to use:
    AppiumLibrary.Capture Page Screenshot
    WebApplicationTestLibrary.Capture Page Screenshot</msg>
<status status="FAIL" starttime="20230228 17:59:01.501" endtime="20230228 17:59:01.501"/>
</kw>
<msg timestamp="20230228 17:59:01.503" level="WARN">Keyword 'Capture Page Screenshot' could not be run on failure: Multiple keywords with name 'Capture Page Screenshot' found. Give the full name of the keyword you want to use:
    AppiumLibrary.Capture Page Screenshot
    WebApplicationTestLibrary.Capture Page Screenshot</msg>
<msg timestamp="20230228 17:59:01.504" level="FAIL">WebDriverException: Message: An unknown server-side error occurred while processing the command. Original error: 'app' option is required for reinstall
Stacktrace:
UnknownError: An unknown server-side error occurred while processing the command. Original error: 'app' option is required for reinstall
    at getResponseForW3CError (C:\Users\ZMO-WIN-ShrikantL-01\AppData\Roaming\npm\node_modules\appium\node_modules\appium-base-driver\lib\protocol\errors.js:804:9)
    at asyncHandler (C:\Users\ZMO-WIN-ShrikantL-01\AppData\Roaming\npm\node_modules\appium\node_modules\appium-base-driver\lib\protocol\protocol.js:380:37)</msg>
<status status="FAIL" starttime="20230228 17:58:50.909" endtime="20230228 17:59:01.510"/>
</kw>
<status status="FAIL" starttime="20230228 17:58:50.909" endtime="20230228 17:59:01.511"/>
</kw>
<kw name="close application" library="Setup keywords" type="TEARDOWN">
<kw name="close application" library="Setup keywords">
<kw name="close application" library="Setup keywords">
<kw name="close application" library="Setup keywords">
<kw name="close application" library="Setup keywords">
<kw name="close application" library="Setup keywords">
<kw name="close application" library="Setup keywords">
<kw name="close application" library="Setup keywords">
<kw name="close application" library="Setup keywords">
<kw name="close application" library="Setup keywords">
<kw name="close application" library="Setup keywords">
<kw name="close application" library="Setup keywords">
<kw name="close application" library="Setup keywords">
<kw name="close application" library="Setup keywords">
<kw name="close application" library="Setup keywords">
<kw name="close application" library="Setup keywords">
<kw name="close application" library="Setup keywords">
<kw name="close application" library="Setup keywords">
<kw name="close application" library="Setup keywords">
<kw name="close application" library="Setup keywords">
<kw name="close application" library="Setup keywords">
<kw name="close application" library="Setup keywords">
<kw name="close application" library="Setup keywords">
<kw name="close application" library="Setup keywords">
<kw name="close application" library="Setup keywords">
<kw name="close application" library="Setup keywords">
<kw name="close application" library="Setup keywords">
<kw name="close application" library="Setup keywords">
<kw name="close application" library="Setup keywords">
<kw name="close application" library="Setup keywords">
<kw name="close application" library="Setup keywords">
<kw name="close application" library="Setup keywords">
<kw name="close application" library="Setup keywords">
<kw name="close application" library="Setup keywords">
<kw name="close application" library="Setup keywords">
<kw name="close application" library="Setup keywords">
<kw name="close application" library="Setup keywords">
<kw name="close application" library="Setup keywords">
<kw name="close application" library="Setup keywords">
<kw name="close application" library="Setup keywords">
<kw name="close application" library="Setup keywords">
<kw name="close application" library="Setup keywords">
<kw name="close application" library="Setup keywords">
<kw name="close application" library="Setup keywords">
<kw name="close application" library="Setup keywords">
<kw name="close application" library="Setup keywords">
<kw name="close application" library="Setup keywords">
<kw name="close application" library="Setup keywords">
<kw name="close application" library="Setup keywords">
<kw name="close application" library="Setup keywords">
<kw name="close application" library="Setup keywords">
<kw name="close application" library="Setup keywords">
<kw name="close application" library="Setup keywords">
<kw name="close application" library="Setup keywords">
<kw name="close application" library="Setup keywords">
<kw name="close application" library="Setup keywords">
<kw name="close application" library="Setup keywords">
<kw name="close application" library="Setup keywords">
<kw name="close application" library="Setup keywords">
<kw name="close application" library="Setup keywords">
<kw name="close application" library="Setup keywords">
<kw name="close application" library="Setup keywords">
<kw name="close application" library="Setup keywords">
<kw name="close application" library="Setup keywords">
<kw name="close application" library="Setup keywords">
<kw name="close application" library="Setup keywords">
<kw name="close application" library="Setup keywords">
<kw name="close application" library="Setup keywords">
<kw name="close application" library="Setup keywords">
<kw name="close application" library="Setup keywords">
<kw name="close application" library="Setup keywords">
<kw name="close application" library="Setup keywords">
<kw name="close application" library="Setup keywords">
<kw name="close application" library="Setup keywords">
<kw name="close application" library="Setup keywords">
<kw name="close application" library="Setup keywords">
<kw name="close application" library="Setup keywords">
<kw name="close application" library="Setup keywords">
<kw name="close application" library="Setup keywords">
<kw name="close application" library="Setup keywords">
<kw name="close application" library="Setup keywords">
<kw name="close application" library="Setup keywords">
<kw name="close application" library="Setup keywords">
<kw name="close application" library="Setup keywords">
<kw name="close application" library="Setup keywords">
<kw name="close application" library="Setup keywords">
<kw name="close application" library="Setup keywords">
<kw name="close application" library="Setup keywords">
<kw name="close application" library="Setup keywords">
<kw name="close application" library="Setup keywords">
<kw name="close application" library="Setup keywords">
<kw name="close application" library="Setup keywords">
<kw name="close application" library="Setup keywords">
<kw name="close application" library="Setup keywords">
<kw name="close application" library="Setup keywords">
<kw name="close application" library="Setup keywords">
<kw name="close application" library="Setup keywords">
<kw name="close application" library="Setup keywords">
<kw name="close application" library="Setup keywords">
<kw name="close application" library="Setup keywords">
<msg timestamp="20230228 17:59:01.552" level="FAIL">Maximum limit of started keywords and control structures exceeded.</msg>
<status status="FAIL" starttime="20230228 17:59:01.538" endtime="20230228 17:59:01.552"/>
</kw>
<msg timestamp="20230228 17:59:01.553" level="FAIL">Maximum limit of started keywords and control structures exceeded.</msg>
<status status="FAIL" starttime="20230228 17:59:01.538" endtime="20230228 17:59:01.553"/>
</kw>
<msg timestamp="20230228 17:59:01.553" level="FAIL">Maximum limit of started keywords and control structures exceeded.</msg>
<status status="FAIL" starttime="20230228 17:59:01.537" endtime="20230228 17:59:01.553"/>
</kw>
<msg timestamp="20230228 17:59:01.553" level="FAIL">Maximum limit of started keywords and control structures exceeded.</msg>
<status status="FAIL" starttime="20230228 17:59:01.537" endtime="20230228 17:59:01.553"/>
</kw>
<msg timestamp="20230228 17:59:01.553" level="FAIL">Maximum limit of started keywords and control structures exceeded.</msg>
<status status="FAIL" starttime="20230228 17:59:01.537" endtime="20230228 17:59:01.553"/>
</kw>
<msg timestamp="20230228 17:59:01.553" level="FAIL">Maximum limit of started keywords and control structures exceeded.</msg>
<status status="FAIL" starttime="20230228 17:59:01.537" endtime="20230228 17:59:01.553"/>
</kw>
<msg timestamp="20230228 17:59:01.554" level="FAIL">Maximum limit of started keywords and control structures exceeded.</msg>
<status status="FAIL" starttime="20230228 17:59:01.537" endtime="20230228 17:59:01.554"/>
</kw>
<msg timestamp="20230228 17:59:01.554" level="FAIL">Maximum limit of started keywords and control structures exceeded.</msg>
<status status="FAIL" starttime="20230228 17:59:01.536" endtime="20230228 17:59:01.554"/>
</kw>
<msg timestamp="20230228 17:59:01.554" level="FAIL">Maximum limit of started keywords and control structures exceeded.</msg>
<status status="FAIL" starttime="20230228 17:59:01.536" endtime="20230228 17:59:01.554"/>
</kw>
<msg timestamp="20230228 17:59:01.554" level="FAIL">Maximum limit of started keywords and control structures exceeded.</msg>
<status status="FAIL" starttime="20230228 17:59:01.536" endtime="20230228 17:59:01.554"/>
</kw>
<msg timestamp="20230228 17:59:01.555" level="FAIL">Maximum limit of started keywords and control structures exceeded.</msg>
<status status="FAIL" starttime="20230228 17:59:01.535" endtime="20230228 17:59:01.555"/>
</kw>
<msg timestamp="20230228 17:59:01.555" level="FAIL">Maximum limit of started keywords and control structures exceeded.</msg>
<status status="FAIL" starttime="20230228 17:59:01.535" endtime="20230228 17:59:01.555"/>
</kw>
<msg timestamp="20230228 17:59:01.555" level="FAIL">Maximum limit of started keywords and control structures exceeded.</msg>
<status status="FAIL" starttime="20230228 17:59:01.535" endtime="20230228 17:59:01.555"/>
</kw>
<msg timestamp="20230228 17:59:01.555" level="FAIL">Maximum limit of started keywords and control structures exceeded.</msg>
<status status="FAIL" starttime="20230228 17:59:01.535" endtime="20230228 17:59:01.555"/>
</kw>
<msg timestamp="20230228 17:59:01.556" level="FAIL">Maximum limit of started keywords and control structures exceeded.</msg>
<status status="FAIL" starttime="20230228 17:59:01.534" endtime="20230228 17:59:01.556"/>
</kw>
<msg timestamp="20230228 17:59:01.556" level="FAIL">Maximum limit of started keywords and control structures exceeded.</msg>
<status status="FAIL" starttime="20230228 17:59:01.534" endtime="20230228 17:59:01.556"/>
</kw>
<msg timestamp="20230228 17:59:01.556" level="FAIL">Maximum limit of started keywords and control structures exceeded.</msg>
<status status="FAIL" starttime="20230228 17:59:01.534" endtime="20230228 17:59:01.556"/>
</kw>
<msg timestamp="20230228 17:59:01.556" level="FAIL">Maximum limit of started keywords and control structures exceeded.</msg>
<status status="FAIL" starttime="20230228 17:59:01.532" endtime="20230228 17:59:01.556"/>
</kw>
<msg timestamp="20230228 17:59:01.557" level="FAIL">Maximum limit of started keywords and control structures exceeded.</msg>
<status status="FAIL" starttime="20230228 17:59:01.531" endtime="20230228 17:59:01.557"/>
</kw>
<msg timestamp="20230228 17:59:01.557" level="FAIL">Maximum limit of started keywords and control structures exceeded.</msg>
<status status="FAIL" starttime="20230228 17:59:01.531" endtime="20230228 17:59:01.557"/>
</kw>
<msg timestamp="20230228 17:59:01.557" level="FAIL">Maximum limit of started keywords and control structures exceeded.</msg>
<status status="FAIL" starttime="20230228 17:59:01.531" endtime="20230228 17:59:01.557"/>
</kw>
<msg timestamp="20230228 17:59:01.558" level="FAIL">Maximum limit of started keywords and control structures exceeded.</msg>
<status status="FAIL" starttime="20230228 17:59:01.531" endtime="20230228 17:59:01.558"/>
</kw>
<msg timestamp="20230228 17:59:01.558" level="FAIL">Maximum limit of started keywords and control structures exceeded.</msg>
<status status="FAIL" starttime="20230228 17:59:01.531" endtime="20230228 17:59:01.558"/>
</kw>
<msg timestamp="20230228 17:59:01.558" level="FAIL">Maximum limit of started keywords and control structures exceeded.</msg>
<status status="FAIL" starttime="20230228 17:59:01.531" endtime="20230228 17:59:01.558"/>
</kw>
<msg timestamp="20230228 17:59:01.559" level="FAIL">Maximum limit of started keywords and control structures exceeded.</msg>
<status status="FAIL" starttime="20230228 17:59:01.530" endtime="20230228 17:59:01.559"/>
</kw>
<msg timestamp="20230228 17:59:01.559" level="FAIL">Maximum limit of started keywords and control structures exceeded.</msg>
<status status="FAIL" starttime="20230228 17:59:01.530" endtime="20230228 17:59:01.559"/>
</kw>
<msg timestamp="20230228 17:59:01.559" level="FAIL">Maximum limit of started keywords and control structures exceeded.</msg>
<status status="FAIL" starttime="20230228 17:59:01.529" endtime="20230228 17:59:01.559"/>
</kw>
<msg timestamp="20230228 17:59:01.560" level="FAIL">Maximum limit of started keywords and control structures exceeded.</msg>
<status status="FAIL" starttime="20230228 17:59:01.529" endtime="20230228 17:59:01.560"/>
</kw>
<msg timestamp="20230228 17:59:01.560" level="FAIL">Maximum limit of started keywords and control structures exceeded.</msg>
<status status="FAIL" starttime="20230228 17:59:01.529" endtime="20230228 17:59:01.560"/>
</kw>
<msg timestamp="20230228 17:59:01.560" level="FAIL">Maximum limit of started keywords and control structures exceeded.</msg>
<status status="FAIL" starttime="20230228 17:59:01.529" endtime="20230228 17:59:01.560"/>
</kw>
<msg timestamp="20230228 17:59:01.560" level="FAIL">Maximum limit of started keywords and control structures exceeded.</msg>
<status status="FAIL" starttime="20230228 17:59:01.529" endtime="20230228 17:59:01.561"/>
</kw>
<msg timestamp="20230228 17:59:01.561" level="FAIL">Maximum limit of started keywords and control structures exceeded.</msg>
<status status="FAIL" starttime="20230228 17:59:01.529" endtime="20230228 17:59:01.561"/>
</kw>
<msg timestamp="20230228 17:59:01.561" level="FAIL">Maximum limit of started keywords and control structures exceeded.</msg>
<status status="FAIL" starttime="20230228 17:59:01.528" endtime="20230228 17:59:01.561"/>
</kw>
<msg timestamp="20230228 17:59:01.561" level="FAIL">Maximum limit of started keywords and control structures exceeded.</msg>
<status status="FAIL" starttime="20230228 17:59:01.528" endtime="20230228 17:59:01.561"/>
</kw>
<msg timestamp="20230228 17:59:01.562" level="FAIL">Maximum limit of started keywords and control structures exceeded.</msg>
<status status="FAIL" starttime="20230228 17:59:01.528" endtime="20230228 17:59:01.562"/>
</kw>
<msg timestamp="20230228 17:59:01.562" level="FAIL">Maximum limit of started keywords and control structures exceeded.</msg>
<status status="FAIL" starttime="20230228 17:59:01.528" endtime="20230228 17:59:01.562"/>
</kw>
<msg timestamp="20230228 17:59:01.562" level="FAIL">Maximum limit of started keywords and control structures exceeded.</msg>
<status status="FAIL" starttime="20230228 17:59:01.528" endtime="20230228 17:59:01.562"/>
</kw>
<msg timestamp="20230228 17:59:01.562" level="FAIL">Maximum limit of started keywords and control structures exceeded.</msg>
<status status="FAIL" starttime="20230228 17:59:01.528" endtime="20230228 17:59:01.562"/>
</kw>
<msg timestamp="20230228 17:59:01.562" level="FAIL">Maximum limit of started keywords and control structures exceeded.</msg>
<status status="FAIL" starttime="20230228 17:59:01.527" endtime="20230228 17:59:01.562"/>
</kw>
<msg timestamp="20230228 17:59:01.563" level="FAIL">Maximum limit of started keywords and control structures exceeded.</msg>
<status status="FAIL" starttime="20230228 17:59:01.527" endtime="20230228 17:59:01.563"/>
</kw>
<msg timestamp="20230228 17:59:01.563" level="FAIL">Maximum limit of started keywords and control structures exceeded.</msg>
<status status="FAIL" starttime="20230228 17:59:01.527" endtime="20230228 17:59:01.563"/>
</kw>
<msg timestamp="20230228 17:59:01.563" level="FAIL">Maximum limit of started keywords and control structures exceeded.</msg>
<status status="FAIL" starttime="20230228 17:59:01.527" endtime="20230228 17:59:01.563"/>
</kw>
<msg timestamp="20230228 17:59:01.563" level="FAIL">Maximum limit of started keywords and control structures exceeded.</msg>
<status status="FAIL" starttime="20230228 17:59:01.526" endtime="20230228 17:59:01.563"/>
</kw>
<msg timestamp="20230228 17:59:01.564" level="FAIL">Maximum limit of started keywords and control structures exceeded.</msg>
<status status="FAIL" starttime="20230228 17:59:01.526" endtime="20230228 17:59:01.564"/>
</kw>
<msg timestamp="20230228 17:59:01.564" level="FAIL">Maximum limit of started keywords and control structures exceeded.</msg>
<status status="FAIL" starttime="20230228 17:59:01.526" endtime="20230228 17:59:01.564"/>
</kw>
<msg timestamp="20230228 17:59:01.564" level="FAIL">Maximum limit of started keywords and control structures exceeded.</msg>
<status status="FAIL" starttime="20230228 17:59:01.526" endtime="20230228 17:59:01.564"/>
</kw>
<msg timestamp="20230228 17:59:01.564" level="FAIL">Maximum limit of started keywords and control structures exceeded.</msg>
<status status="FAIL" starttime="20230228 17:59:01.526" endtime="20230228 17:59:01.564"/>
</kw>
<msg timestamp="20230228 17:59:01.564" level="FAIL">Maximum limit of started keywords and control structures exceeded.</msg>
<status status="FAIL" starttime="20230228 17:59:01.525" endtime="20230228 17:59:01.564"/>
</kw>
<msg timestamp="20230228 17:59:01.565" level="FAIL">Maximum limit of started keywords and control structures exceeded.</msg>
<status status="FAIL" starttime="20230228 17:59:01.525" endtime="20230228 17:59:01.565"/>
</kw>
<msg timestamp="20230228 17:59:01.565" level="FAIL">Maximum limit of started keywords and control structures exceeded.</msg>
<status status="FAIL" starttime="20230228 17:59:01.525" endtime="20230228 17:59:01.565"/>
</kw>
<msg timestamp="20230228 17:59:01.565" level="FAIL">Maximum limit of started keywords and control structures exceeded.</msg>
<status status="FAIL" starttime="20230228 17:59:01.525" endtime="20230228 17:59:01.565"/>
</kw>
<msg timestamp="20230228 17:59:01.565" level="FAIL">Maximum limit of started keywords and control structures exceeded.</msg>
<status status="FAIL" starttime="20230228 17:59:01.524" endtime="20230228 17:59:01.565"/>
</kw>
<msg timestamp="20230228 17:59:01.565" level="FAIL">Maximum limit of started keywords and control structures exceeded.</msg>
<status status="FAIL" starttime="20230228 17:59:01.524" endtime="20230228 17:59:01.565"/>
</kw>
<msg timestamp="20230228 17:59:01.566" level="FAIL">Maximum limit of started keywords and control structures exceeded.</msg>
<status status="FAIL" starttime="20230228 17:59:01.524" endtime="20230228 17:59:01.566"/>
</kw>
<msg timestamp="20230228 17:59:01.566" level="FAIL">Maximum limit of started keywords and control structures exceeded.</msg>
<status status="FAIL" starttime="20230228 17:59:01.524" endtime="20230228 17:59:01.566"/>
</kw>
<msg timestamp="20230228 17:59:01.566" level="FAIL">Maximum limit of started keywords and control structures exceeded.</msg>
<status status="FAIL" starttime="20230228 17:59:01.524" endtime="20230228 17:59:01.566"/>
</kw>
<msg timestamp="20230228 17:59:01.567" level="FAIL">Maximum limit of started keywords and control structures exceeded.</msg>
<status status="FAIL" starttime="20230228 17:59:01.523" endtime="20230228 17:59:01.567"/>
</kw>
<msg timestamp="20230228 17:59:01.567" level="FAIL">Maximum limit of started keywords and control structures exceeded.</msg>
<status status="FAIL" starttime="20230228 17:59:01.523" endtime="20230228 17:59:01.567"/>
</kw>
<msg timestamp="20230228 17:59:01.567" level="FAIL">Maximum limit of started keywords and control structures exceeded.</msg>
<status status="FAIL" starttime="20230228 17:59:01.523" endtime="20230228 17:59:01.567"/>
</kw>
<msg timestamp="20230228 17:59:01.567" level="FAIL">Maximum limit of started keywords and control structures exceeded.</msg>
<status status="FAIL" starttime="20230228 17:59:01.523" endtime="20230228 17:59:01.567"/>
</kw>
<msg timestamp="20230228 17:59:01.568" level="FAIL">Maximum limit of started keywords and control structures exceeded.</msg>
<status status="FAIL" starttime="20230228 17:59:01.523" endtime="20230228 17:59:01.568"/>
</kw>
<msg timestamp="20230228 17:59:01.568" level="FAIL">Maximum limit of started keywords and control structures exceeded.</msg>
<status status="FAIL" starttime="20230228 17:59:01.522" endtime="20230228 17:59:01.568"/>
</kw>
<msg timestamp="20230228 17:59:01.568" level="FAIL">Maximum limit of started keywords and control structures exceeded.</msg>
<status status="FAIL" starttime="20230228 17:59:01.521" endtime="20230228 17:59:01.568"/>
</kw>
<msg timestamp="20230228 17:59:01.568" level="FAIL">Maximum limit of started keywords and control structures exceeded.</msg>
<status status="FAIL" starttime="20230228 17:59:01.521" endtime="20230228 17:59:01.568"/>
</kw>
<msg timestamp="20230228 17:59:01.568" level="FAIL">Maximum limit of started keywords and control structures exceeded.</msg>
<status status="FAIL" starttime="20230228 17:59:01.521" endtime="20230228 17:59:01.568"/>
</kw>
<msg timestamp="20230228 17:59:01.568" level="FAIL">Maximum limit of started keywords and control structures exceeded.</msg>
<status status="FAIL" starttime="20230228 17:59:01.521" endtime="20230228 17:59:01.568"/>
</kw>
<msg timestamp="20230228 17:59:01.569" level="FAIL">Maximum limit of started keywords and control structures exceeded.</msg>
<status status="FAIL" starttime="20230228 17:59:01.521" endtime="20230228 17:59:01.569"/>
</kw>
<msg timestamp="20230228 17:59:01.569" level="FAIL">Maximum limit of started keywords and control structures exceeded.</msg>
<status status="FAIL" starttime="20230228 17:59:01.521" endtime="20230228 17:59:01.569"/>
</kw>
<msg timestamp="20230228 17:59:01.569" level="FAIL">Maximum limit of started keywords and control structures exceeded.</msg>
<status status="FAIL" starttime="20230228 17:59:01.521" endtime="20230228 17:59:01.569"/>
</kw>
<msg timestamp="20230228 17:59:01.569" level="FAIL">Maximum limit of started keywords and control structures exceeded.</msg>
<status status="FAIL" starttime="20230228 17:59:01.520" endtime="20230228 17:59:01.569"/>
</kw>
<msg timestamp="20230228 17:59:01.570" level="FAIL">Maximum limit of started keywords and control structures exceeded.</msg>
<status status="FAIL" starttime="20230228 17:59:01.519" endtime="20230228 17:59:01.570"/>
</kw>
<msg timestamp="20230228 17:59:01.570" level="FAIL">Maximum limit of started keywords and control structures exceeded.</msg>
<status status="FAIL" starttime="20230228 17:59:01.519" endtime="20230228 17:59:01.570"/>
</kw>
<msg timestamp="20230228 17:59:01.570" level="FAIL">Maximum limit of started keywords and control structures exceeded.</msg>
<status status="FAIL" starttime="20230228 17:59:01.519" endtime="20230228 17:59:01.570"/>
</kw>
<msg timestamp="20230228 17:59:01.571" level="FAIL">Maximum limit of started keywords and control structures exceeded.</msg>
<status status="FAIL" starttime="20230228 17:59:01.518" endtime="20230228 17:59:01.571"/>
</kw>
<msg timestamp="20230228 17:59:01.571" level="FAIL">Maximum limit of started keywords and control structures exceeded.</msg>
<status status="FAIL" starttime="20230228 17:59:01.518" endtime="20230228 17:59:01.571"/>
</kw>
<msg timestamp="20230228 17:59:01.571" level="FAIL">Maximum limit of started keywords and control structures exceeded.</msg>
<status status="FAIL" starttime="20230228 17:59:01.518" endtime="20230228 17:59:01.571"/>
</kw>
<msg timestamp="20230228 17:59:01.571" level="FAIL">Maximum limit of started keywords and control structures exceeded.</msg>
<status status="FAIL" starttime="20230228 17:59:01.518" endtime="20230228 17:59:01.571"/>
</kw>
<msg timestamp="20230228 17:59:01.571" level="FAIL">Maximum limit of started keywords and control structures exceeded.</msg>
<status status="FAIL" starttime="20230228 17:59:01.517" endtime="20230228 17:59:01.571"/>
</kw>
<msg timestamp="20230228 17:59:01.571" level="FAIL">Maximum limit of started keywords and control structures exceeded.</msg>
<status status="FAIL" starttime="20230228 17:59:01.517" endtime="20230228 17:59:01.571"/>
</kw>
<msg timestamp="20230228 17:59:01.571" level="FAIL">Maximum limit of started keywords and control structures exceeded.</msg>
<status status="FAIL" starttime="20230228 17:59:01.517" endtime="20230228 17:59:01.571"/>
</kw>
<msg timestamp="20230228 17:59:01.572" level="FAIL">Maximum limit of started keywords and control structures exceeded.</msg>
<status status="FAIL" starttime="20230228 17:59:01.517" endtime="20230228 17:59:01.572"/>
</kw>
<msg timestamp="20230228 17:59:01.572" level="FAIL">Maximum limit of started keywords and control structures exceeded.</msg>
<status status="FAIL" starttime="20230228 17:59:01.516" endtime="20230228 17:59:01.572"/>
</kw>
<msg timestamp="20230228 17:59:01.572" level="FAIL">Maximum limit of started keywords and control structures exceeded.</msg>
<status status="FAIL" starttime="20230228 17:59:01.516" endtime="20230228 17:59:01.572"/>
</kw>
<msg timestamp="20230228 17:59:01.573" level="FAIL">Maximum limit of started keywords and control structures exceeded.</msg>
<status status="FAIL" starttime="20230228 17:59:01.516" endtime="20230228 17:59:01.573"/>
</kw>
<msg timestamp="20230228 17:59:01.573" level="FAIL">Maximum limit of started keywords and control structures exceeded.</msg>
<status status="FAIL" starttime="20230228 17:59:01.516" endtime="20230228 17:59:01.573"/>
</kw>
<msg timestamp="20230228 17:59:01.573" level="FAIL">Maximum limit of started keywords and control structures exceeded.</msg>
<status status="FAIL" starttime="20230228 17:59:01.515" endtime="20230228 17:59:01.573"/>
</kw>
<msg timestamp="20230228 17:59:01.573" level="FAIL">Maximum limit of started keywords and control structures exceeded.</msg>
<status status="FAIL" starttime="20230228 17:59:01.515" endtime="20230228 17:59:01.573"/>
</kw>
<msg timestamp="20230228 17:59:01.574" level="FAIL">Maximum limit of started keywords and control structures exceeded.</msg>
<status status="FAIL" starttime="20230228 17:59:01.514" endtime="20230228 17:59:01.574"/>
</kw>
<msg timestamp="20230228 17:59:01.574" level="FAIL">Maximum limit of started keywords and control structures exceeded.</msg>
<status status="FAIL" starttime="20230228 17:59:01.514" endtime="20230228 17:59:01.574"/>
</kw>
<msg timestamp="20230228 17:59:01.574" level="FAIL">Maximum limit of started keywords and control structures exceeded.</msg>
<status status="FAIL" starttime="20230228 17:59:01.513" endtime="20230228 17:59:01.574"/>
</kw>
<msg timestamp="20230228 17:59:01.574" level="FAIL">Maximum limit of started keywords and control structures exceeded.</msg>
<status status="FAIL" starttime="20230228 17:59:01.513" endtime="20230228 17:59:01.575"/>
</kw>
<msg timestamp="20230228 17:59:01.575" level="FAIL">Maximum limit of started keywords and control structures exceeded.</msg>
<status status="FAIL" starttime="20230228 17:59:01.513" endtime="20230228 17:59:01.575"/>
</kw>
<msg timestamp="20230228 17:59:01.575" level="FAIL">Maximum limit of started keywords and control structures exceeded.</msg>
<status status="FAIL" starttime="20230228 17:59:01.513" endtime="20230228 17:59:01.575"/>
</kw>
<msg timestamp="20230228 17:59:01.575" level="FAIL">Maximum limit of started keywords and control structures exceeded.</msg>
<status status="FAIL" starttime="20230228 17:59:01.513" endtime="20230228 17:59:01.575"/>
</kw>
<msg timestamp="20230228 17:59:01.575" level="FAIL">Maximum limit of started keywords and control structures exceeded.</msg>
<status status="FAIL" starttime="20230228 17:59:01.512" endtime="20230228 17:59:01.575"/>
</kw>
<msg timestamp="20230228 17:59:01.575" level="FAIL">Maximum limit of started keywords and control structures exceeded.</msg>
<status status="FAIL" starttime="20230228 17:59:01.512" endtime="20230228 17:59:01.575"/>
</kw>
<msg timestamp="20230228 17:59:01.575" level="FAIL">Maximum limit of started keywords and control structures exceeded.</msg>
<status status="FAIL" starttime="20230228 17:59:01.512" endtime="20230228 17:59:01.575"/>
</kw>
<msg timestamp="20230228 17:59:01.576" level="FAIL">Maximum limit of started keywords and control structures exceeded.</msg>
<status status="FAIL" starttime="20230228 17:59:01.512" endtime="20230228 17:59:01.576"/>
</kw>
<msg timestamp="20230228 17:59:01.576" level="FAIL">Maximum limit of started keywords and control structures exceeded.</msg>
<status status="FAIL" starttime="20230228 17:59:01.511" endtime="20230228 17:59:01.576"/>
</kw>
<msg timestamp="20230228 17:59:01.576" level="FAIL">Maximum limit of started keywords and control structures exceeded.</msg>
<status status="FAIL" starttime="20230228 17:59:01.511" endtime="20230228 17:59:01.576">Maximum limit of started keywords and control structures exceeded.</status>
</kw>
<doc>Verification that Google Play button redirecting user to Vision Project on play store</doc>
<tag>Regression</tag>
<status status="FAIL" starttime="20230228 17:58:50.908" endtime="20230228 17:59:01.576">Setup failed:
WebDriverException: Message: An unknown server-side error occurred while processing the command. Original error: 'app' option is required for reinstall
Stacktrace:
UnknownError: An unknown server-side error occurred while processing the command. Original error: 'app' option is required for reinstall
    at getResponseForW3CError (C:\Users\ZMO-WIN-ShrikantL-01\AppData\Roaming\npm\node_modules\appium\node_modules\appium-base-driver\lib\protocol\errors.js:804:9)
    at asyncHandler (C:\Users\ZMO-WIN-ShrikantL-01\AppData\Roaming\npm\node_modules\appium\node_modules\appium-base-driver\lib\protocol\protocol.js:380:37)

Also teardown failed:
Maximum limit of started keywords and control structures exceeded.</status>
</test>
<test id="s1-s2-t2" name="Verify that user is able to paste study link using Paste study link" line="26">
<errors>
<msg timestamp="20230228 17:59:01.503" level="WARN">Keyword 'Capture Page Screenshot' could not be run on failure: Multiple keywords with name 'Capture Page Screenshot' found. Give the full name of the keyword you want to use:
    AppiumLibrary.Capture Page Screenshot
    WebApplicationTestLibrary.Capture Page Screenshot</msg>
<msg timestamp="20230228 17:59:01.578" level="ERROR">Maximum limit of started keywords and control structures exceeded.

Try --help for usage information.</msg>
</errors>
</robot>
