<?xml version="1.0" encoding="UTF-8"?>
<robot generator="Robot 6.0.2 (Python 3.11.2 on win32)" generated="20230301 10:27:21.602" rpa="false" schemaversion="3">
<suite id="s1" name="VisionProject.Testsuite" source="D:\com.visionProject.android\Com.visionProject.Android\VisionProject.Testsuite">
<suite id="s1-s1" name="Verify that Deep link URL is providing QR code" source="D:\com.visionProject.android\Com.visionProject.Android\VisionProject.Testsuite\Verify that Deep link URL is providing QR code.robot">
<test id="s1-s1-t1" name="Verify that Deep link URL is providing QR code" line="13">
<kw name="Launch browser and input url" library="Setup keywords">
<kw name="Open Browser" library="WebApplicationTestLibrary">
<arg>${url}</arg>
<arg>${Browser}</arg>
<doc>Opens a new browser instance to the optional ``url``.</doc>
<msg timestamp="20230301 10:27:22.192" level="INFO">Opening browser 'chrome' to base url 'https://social.vision-project.co/?studyID=d2563e38-04e4-4c06-8323-f8c4722040b0&amp;userID=Jai'.</msg>
<status status="PASS" starttime="20230301 10:27:22.191" endtime="20230301 10:27:28.324"/>
</kw>
<kw name="Maximize Browser Window" library="WebApplicationTestLibrary">
<doc>Maximizes current browser window.</doc>
<status status="PASS" starttime="20230301 10:27:28.325" endtime="20230301 10:27:28.472"/>
</kw>
<status status="PASS" starttime="20230301 10:27:22.190" endtime="20230301 10:27:28.473"/>
</kw>
<kw name="wait until QR code generated and validate QR code link details and log to console" library="QR_Code_page_keywords">
<kw name="Wait Until Page Contains" library="WebApplicationTestLibrary">
<arg>Study cannot be conducted here</arg>
<doc>Waits until ``text`` appears on the current page.</doc>
<status status="PASS" starttime="20230301 10:27:28.474" endtime="20230301 10:27:28.511"/>
</kw>
<kw name="Element Should Be Visible" library="WebApplicationTestLibrary">
<arg>${QR_Code}</arg>
<doc>Verifies that the element identified by ``locator`` is visible.</doc>
<msg timestamp="20230301 10:27:28.582" level="INFO">Element '//*[@viewBox='0 0 256 256']' is displayed.</msg>
<status status="PASS" starttime="20230301 10:27:28.512" endtime="20230301 10:27:28.582"/>
</kw>
<kw name="Capture Element Screenshot" library="WebApplicationTestLibrary">
<var>${captured_img}</var>
<arg>${QR_Code}</arg>
<doc>Captures a screenshot from the element identified by ``locator`` and embeds it into log file.</doc>
<msg timestamp="20230301 10:27:28.754" level="INFO" html="true">&lt;/td&gt;&lt;/tr&gt;&lt;tr&gt;&lt;td colspan="3"&gt;&lt;a href="selenium-element-screenshot-1.png"&gt;&lt;img src="selenium-element-screenshot-1.png" width="400px"&gt;&lt;/a&gt;</msg>
<msg timestamp="20230301 10:27:28.755" level="INFO">${captured_img} = D:\com.visionProject.android\Com.visionProject.Android\VisionProject.TestResults\01-03-23_10-27-21\selenium-element-screenshot-1.png</msg>
<status status="PASS" starttime="20230301 10:27:28.582" endtime="20230301 10:27:28.755"/>
</kw>
<kw name="Scan QR Code" library="WebApplicationTestLibrary">
<var>${QRCodedata}</var>
<arg>${captured_img}</arg>
<msg timestamp="20230301 10:27:30.047" level="INFO">3.4.1 (3, 4, 1)</msg>
<msg timestamp="20230301 10:27:30.048" level="INFO">${QRCodedata} = BarCode(raw='https://social.vision-project.co/?studyID=d2563e38-04e4-4c06-8323-f8c4722040b0&amp;userID=Jai', parsed='https://social.vision-project.co/?studyID=d2563e38-04e4-4c06-8323-f8c4722040b0&amp;userID=J...</msg>
<status status="PASS" starttime="20230301 10:27:28.755" endtime="20230301 10:27:30.048"/>
</kw>
<kw name="Log To Console" library="BuiltIn">
<arg>${QRCodedata}</arg>
<doc>Logs the given message to the console.</doc>
<status status="PASS" starttime="20230301 10:27:30.048" endtime="20230301 10:27:30.048"/>
</kw>
<status status="PASS" starttime="20230301 10:27:28.473" endtime="20230301 10:27:30.048"/>
</kw>
<doc>verification of barcode generation of specified link</doc>
<tag>Regression</tag>
<status status="PASS" starttime="20230301 10:27:22.190" endtime="20230301 10:27:30.048"/>
</test>
<status status="PASS" starttime="20230301 10:27:21.631" endtime="20230301 10:27:30.049"/>
</suite>
<suite id="s1-s2" name="Verify that Google Play button redirecting user to Vision Project on play store" source="D:\com.visionProject.android\Com.visionProject.Android\VisionProject.Testsuite\Verify that Google Play button redirecting user to Vision Project on play store.robot">
<kw name="Setup before suit start" library="Setup keywords" type="SETUP">
<kw name="Start Emulator" library="MobileTestLibrary">
<arg>${Emualator_Name}</arg>
<arg>${device_Type}</arg>
<msg timestamp="20230301 10:27:40.926" level="INFO">Starting emulator...</msg>
<status status="FAIL" starttime="20230301 10:27:30.059" endtime="20230301 10:27:40.926"/>
</kw>
<kw name="Sleep" library="BuiltIn">
<arg>1</arg>
<doc>Pauses the test executed for the given time.</doc>
<status status="NOT RUN" starttime="20230301 10:27:40.927" endtime="20230301 10:27:40.927"/>
</kw>
<kw name="Start Appium Service" library="MobileTestLibrary">
<status status="NOT RUN" starttime="20230301 10:27:40.927" endtime="20230301 10:27:40.927"/>
</kw>
<kw name="Sleep" library="BuiltIn">
<arg>1</arg>
<doc>Pauses the test executed for the given time.</doc>
<status status="NOT RUN" starttime="20230301 10:27:40.927" endtime="20230301 10:27:40.927"/>
</kw>
<status status="FAIL" starttime="20230301 10:27:30.059" endtime="20230301 10:27:40.927"/>
</kw>
<test id="s1-s2-t1" name="Verify that Google Play button redirecting user to Vision Project on play store" line="14">
<doc>Verification that Google Play button redirecting user to Vision Project on play store</doc>
<tag>Regression</tag>
<tag>robot:exit</tag>
<status status="FAIL" starttime="20230301 10:27:40.928" endtime="20230301 10:27:40.929">Test execution stopped due to a fatal error.</status>
</test>
<test id="s1-s2-t2" name="Verify that user is able to paste study link using Paste study link" line="26">
<doc>Verification that user is able to paste study link using Paste study link</doc>
<tag>Regression</tag>
<tag>robot:exit</tag>
<status status="FAIL" starttime="20230301 10:27:40.929" endtime="20230301 10:27:40.930">Test execution stopped due to a fatal error.</status>
</test>
<kw name="tearDown" library="Setup keywords" type="TEARDOWN">
<kw name="Stop Emulator" library="MobileTestLibrary">
<msg timestamp="20230301 10:27:58.081" level="INFO">closing emulator...
emulator closed successfully...</msg>
<status status="PASS" starttime="20230301 10:27:40.931" endtime="20230301 10:27:58.082"/>
</kw>
<kw name="Sleep" library="BuiltIn">
<arg>1</arg>
<doc>Pauses the test executed for the given time.</doc>
<msg timestamp="20230301 10:27:59.083" level="INFO">Slept 1 second</msg>
<status status="PASS" starttime="20230301 10:27:58.082" endtime="20230301 10:27:59.083"/>
</kw>
<kw name="Stop Appium Service" library="MobileTestLibrary">
<status status="PASS" starttime="20230301 10:27:59.083" endtime="20230301 10:27:59.084"/>
</kw>
<status status="PASS" starttime="20230301 10:27:40.931" endtime="20230301 10:27:59.084"/>
</kw>
<status status="FAIL" starttime="20230301 10:27:30.050" endtime="20230301 10:27:59.084">Suite setup failed:
Execution terminated by signal</status>
</suite>
<status status="FAIL" starttime="20230301 10:27:21.604" endtime="20230301 10:27:59.089"/>
</suite>
<statistics>
<total>
<stat pass="1" fail="2" skip="0">All Tests</stat>
</total>
<tag>
<stat pass="1" fail="0" skip="0" info="combined" combined="NOT robot:exit">NOT robot:exit</stat>
<stat pass="1" fail="2" skip="0">Regression</stat>
</tag>
<suite>
<stat pass="1" fail="2" skip="0" id="s1" name="VisionProject.Testsuite">VisionProject.Testsuite</stat>
<stat pass="1" fail="0" skip="0" id="s1-s1" name="Verify that Deep link URL is providing QR code">VisionProject.Testsuite.Verify that Deep link URL is providing QR code</stat>
<stat pass="0" fail="2" skip="0" id="s1-s2" name="Verify that Google Play button redirecting user to Vision Project on play store">VisionProject.Testsuite.Verify that Google Play button redirecting user to Vision Project on play store</stat>
</suite>
</statistics>
<errors>
</errors>
</robot>
