<?xml version="1.0" encoding="UTF-8"?>
<robot generator="Robot 6.0.2 (Python 3.10.5 on win32)" generated="20230223 17:23:43.143" rpa="false" schemaversion="3">
<suite id="s1" name="VisionProject.Testsuite" source="D:\Robot_Framework\Com.visionProject.Android\VisionProject.Testsuite">
<suite id="s1-s1" name="Verify that Deep link URL is providing QR code" source="D:\Robot_Framework\Com.visionProject.Android\VisionProject.Testsuite\Verify_that_Deep_link_URL_is_providing_QR code.robot">
<test id="s1-s1-t1" name="Verify that Deep link URL is providing QR code" line="7">
<kw name="Open Browser" library="Selenium2Library">
<arg>${Deeplink_url}</arg>
<arg>${Browser}</arg>
<doc>Opens a new browser instance to the optional ``url``.</doc>
<msg timestamp="20230223 17:23:43.366" level="INFO">Opening browser 'chrome' to base url 'https://social.vision-project.co/?studyID=d2563e38-04e4-4c06-8323-f8c4722040b0&amp;userID=Jai'.</msg>
<status status="PASS" starttime="20230223 17:23:43.364" endtime="20230223 17:23:45.929"/>
</kw>
<kw name="Maximize Browser Window" library="Selenium2Library">
<doc>Maximizes current browser window.</doc>
<status status="PASS" starttime="20230223 17:23:45.930" endtime="20230223 17:23:46.061"/>
</kw>
<kw name="Wait Until Page Contains" library="Selenium2Library">
<arg>Study cannot be conducted here</arg>
<doc>Waits until ``text`` appears on the current page.</doc>
<status status="PASS" starttime="20230223 17:23:46.061" endtime="20230223 17:23:46.091"/>
</kw>
<kw name="Element Should Be Visible" library="Selenium2Library">
<arg>${QR_Code}</arg>
<doc>Verifies that the element identified by ``locator`` is visible.</doc>
<msg timestamp="20230223 17:23:46.150" level="INFO">Element '//*[@xmlns ='http://www.w3.org/2000/svg']' is displayed.</msg>
<status status="PASS" starttime="20230223 17:23:46.092" endtime="20230223 17:23:46.150"/>
</kw>
<status status="PASS" starttime="20230223 17:23:43.364" endtime="20230223 17:23:46.150"/>
</test>
<status status="PASS" starttime="20230223 17:23:43.167" endtime="20230223 17:23:46.151"/>
</suite>
<status status="PASS" starttime="20230223 17:23:43.145" endtime="20230223 17:23:46.153"/>
</suite>
<statistics>
<total>
<stat pass="1" fail="0" skip="0">All Tests</stat>
</total>
<tag>
</tag>
<suite>
<stat pass="1" fail="0" skip="0" id="s1" name="VisionProject.Testsuite">VisionProject.Testsuite</stat>
<stat pass="1" fail="0" skip="0" id="s1-s1" name="Verify that Deep link URL is providing QR code">VisionProject.Testsuite.Verify that Deep link URL is providing QR code</stat>
</suite>
</statistics>
<errors>
</errors>
</robot>
