<?xml version="1.0" encoding="UTF-8"?>
<robot generator="Robot 6.0.2 (Python 3.11.2 on win32)" generated="20230228 18:26:43.711" rpa="false" schemaversion="3">
<suite id="s1" name="VisionProject.Testsuite" source="D:\com.visionProject.android\Com.visionProject.Android\VisionProject.Testsuite">
<suite id="s1-s1" name="Verify that Deep link URL is providing QR code" source="D:\com.visionProject.android\Com.visionProject.Android\VisionProject.Testsuite\Verify that Deep link URL is providing QR code.robot">
<test id="s1-s1-t1" name="Verify that Deep link URL is providing QR code" line="13">
<kw name="Launch browser and input url" library="Setup keywords">
<kw name="Open Browser" library="WebApplicationTestLibrary">
<arg>${url}</arg>
<arg>${Browser}</arg>
<doc>Opens a new browser instance to the optional ``url``.</doc>
<msg timestamp="20230228 18:26:44.119" level="INFO">Opening browser 'chrome' to base url 'https://social.vision-project.co/?studyID=d2563e38-04e4-4c06-8323-f8c4722040b0&amp;userID=Jai'.</msg>
<msg timestamp="20230228 18:26:46.756" level="INFO" html="true">&lt;/td&gt;&lt;/tr&gt;&lt;tr&gt;&lt;td colspan="3"&gt;&lt;a href="selenium-screenshot-1.png"&gt;&lt;img src="selenium-screenshot-1.png" width="800px"&gt;&lt;/a&gt;</msg>
<msg timestamp="20230228 18:26:46.756" level="FAIL">WebDriverException: Message: unknown error: net::ERR_INTERNET_DISCONNECTED
  (Session info: chrome=110.0.5481.178)
Stacktrace:
Backtrace:
	(No symbol) [0x011D37D3]
	(No symbol) [0x01168B81]
	(No symbol) [0x0106B36D]
	(No symbol) [0x0106772D]
	(No symbol) [0x0105DC65]
	(No symbol) [0x0105F033]
	(No symbol) [0x0105DF02]
	(No symbol) [0x0105D324]
	(No symbol) [0x0105D241]
	(No symbol) [0x0105BC95]
	(No symbol) [0x0105C518]
	(No symbol) [0x0106CF4C]
	(No symbol) [0x010D1E01]
	(No symbol) [0x010BB41C]
	(No symbol) [0x010D1215]
	(No symbol) [0x010BB216]
	(No symbol) [0x01090D97]
	(No symbol) [0x0109253D]
	GetHandleVerifier [0x0144ABF2+2510930]
	GetHandleVerifier [0x01478EC1+2700065]
	GetHandleVerifier [0x0147C86C+2714828]
	GetHandleVerifier [0x01283480+645344]
	(No symbol) [0x01170FD2]
	(No symbol) [0x01176C68]
	(No symbol) [0x01176D4B]
	(No symbol) [0x01180D6B]
	BaseThreadInitThunk [0x76C400F9+25]
	RtlGetAppContainerNamedObjectPath [0x77987BBE+286]
	RtlGetAppContainerNamedObjectPath [0x77987B8E+238]
</msg>
<status status="FAIL" starttime="20230228 18:26:44.118" endtime="20230228 18:26:46.763"/>
</kw>
<kw name="Maximize Browser Window" library="WebApplicationTestLibrary">
<doc>Maximizes current browser window.</doc>
<status status="NOT RUN" starttime="20230228 18:26:46.763" endtime="20230228 18:26:46.763"/>
</kw>
<status status="FAIL" starttime="20230228 18:26:44.118" endtime="20230228 18:26:46.764"/>
</kw>
<kw name="wait until QR code generated and validate QR code link details and log to console" library="QR_Code_page_keywords">
<status status="NOT RUN" starttime="20230228 18:26:46.764" endtime="20230228 18:26:46.764"/>
</kw>
<doc>verification of barcode generation of specified link</doc>
<tag>Regression</tag>
<status status="FAIL" starttime="20230228 18:26:44.118" endtime="20230228 18:26:46.765">WebDriverException: Message: unknown error: net::ERR_INTERNET_DISCONNECTED
  (Session info: chrome=110.0.5481.178)
Stacktrace:
Backtrace:
	(No symbol) [0x011D37D3]
	(No symbol) [0x01168B81]
	(No symbol) [0x0106B36D]
	(No symbol) [0x0106772D]
	(No symbol) [0x0105DC65]
	(No symbol) [0x0105F033]
	(No symbol) [0x0105DF02]
	(No symbol) [0x0105D324]
	(No symbol) [0x0105D241]
	(No symbol) [0x0105BC95]
	(No symbol) [0x0105C518]
	(No symbol) [0x0106CF4C]
	(No symbol) [0x010D1E01]
	(No symbol) [0x010BB41C]
	(No symbol) [0x010D1215]
	(No symbol) [0x010BB216]
	(No symbol) [0x01090D97]
	(No symbol) [0x0109253D]
	GetHandleVerifier [0x0144ABF2+2510930]
	GetHandleVerifier [0x01478EC1+2700065]
	GetHandleVerifier [0x0147C86C+2714828]
	GetHandleVerifier [0x01283480+645344]
	(No symbol) [0x01170FD2]
	(No symbol) [0x01176C68]
	(No symbol) [0x01176D4B]
	(No symbol) [0x01180D6B]
	BaseThreadInitThunk [0x76C400F9+25]
	RtlGetAppContainerNamedObjectPath [0x77987BBE+286]
	RtlGetAppContainerNamedObjectPath [0x77987B8E+238]
</status>
</test>
<status status="FAIL" starttime="20230228 18:26:43.734" endtime="20230228 18:26:46.766"/>
</suite>
<suite id="s1-s2" name="Verify that Google Play button redirecting user to Vision Project on play store" source="D:\com.visionProject.android\Com.visionProject.Android\VisionProject.Testsuite\Verify that Google Play button redirecting user to Vision Project on play store.robot">
<kw name="Setup before suit start" library="Setup keywords" type="SETUP">
<kw name="Start Emulator" library="MobileTestLibrary">
<arg>${Emualator_Name}</arg>
<arg>${device_Type}</arg>
<msg timestamp="20230228 18:26:50.327" level="INFO">Starting emulator...
Started emulator...</msg>
<status status="PASS" starttime="20230228 18:26:46.798" endtime="20230228 18:26:50.328"/>
</kw>
<kw name="Sleep" library="BuiltIn">
<arg>1</arg>
<doc>Pauses the test executed for the given time.</doc>
<msg timestamp="20230228 18:26:51.328" level="INFO">Slept 1 second</msg>
<status status="PASS" starttime="20230228 18:26:50.328" endtime="20230228 18:26:51.328"/>
</kw>
<kw name="Start Appium Service" library="MobileTestLibrary">
<status status="PASS" starttime="20230228 18:26:51.328" endtime="20230228 18:26:52.647"/>
</kw>
<kw name="Sleep" library="BuiltIn">
<arg>1</arg>
<doc>Pauses the test executed for the given time.</doc>
<msg timestamp="20230228 18:26:53.649" level="INFO">Slept 1 second</msg>
<status status="PASS" starttime="20230228 18:26:52.648" endtime="20230228 18:26:53.649"/>
</kw>
<status status="PASS" starttime="20230228 18:26:46.797" endtime="20230228 18:26:53.649"/>
</kw>
<test id="s1-s2-t1" name="Verify that Google Play button redirecting user to Vision Project on play store" line="14">
<kw name="Launch application" library="Setup keywords" type="SETUP">
<kw name="Open Application" library="AppiumLibrary">
<arg>${remote_url}</arg>
<arg>&amp;{device}</arg>
<doc>Opens a new application to given Appium server.
Capabilities of appium server, Android and iOS,
Please check https://github.com/appium/appium/blob/master/docs/en/writing-running-appium/server-args.md
| *Option*            | *Man.* | *Description*     |
| remote_url          | Yes    | Appium server url |
| alias               | no     | alias             |
| strict_ssl          | No     | allows you to send commands to an invalid certificate host like a self-signed one. |</doc>
<kw name="Capture Page Screenshot">
<msg timestamp="20230228 18:26:59.208" level="FAIL">Multiple keywords with name 'Capture Page Screenshot' found. Give the full name of the keyword you want to use:
    AppiumLibrary.Capture Page Screenshot
    WebApplicationTestLibrary.Capture Page Screenshot</msg>
<status status="FAIL" starttime="20230228 18:26:59.208" endtime="20230228 18:26:59.208"/>
</kw>
<msg timestamp="20230228 18:26:59.211" level="WARN">Keyword 'Capture Page Screenshot' could not be run on failure: Multiple keywords with name 'Capture Page Screenshot' found. Give the full name of the keyword you want to use:
    AppiumLibrary.Capture Page Screenshot
    WebApplicationTestLibrary.Capture Page Screenshot</msg>
<msg timestamp="20230228 18:26:59.211" level="FAIL">WebDriverException: Message: An unknown server-side error occurred while processing the command. Original error: 'app' option is required for reinstall
Stacktrace:
UnknownError: An unknown server-side error occurred while processing the command. Original error: 'app' option is required for reinstall
    at getResponseForW3CError (C:\Users\ZMO-WIN-ShrikantL-01\AppData\Roaming\npm\node_modules\appium\node_modules\appium-base-driver\lib\protocol\errors.js:804:9)
    at asyncHandler (C:\Users\ZMO-WIN-ShrikantL-01\AppData\Roaming\npm\node_modules\appium\node_modules\appium-base-driver\lib\protocol\protocol.js:380:37)</msg>
<status status="FAIL" starttime="20230228 18:26:53.650" endtime="20230228 18:26:59.215"/>
</kw>
<status status="FAIL" starttime="20230228 18:26:53.649" endtime="20230228 18:26:59.215"/>
</kw>
<kw name="close application" library="Setup keywords" type="TEARDOWN">
<kw name="close application" library="Setup keywords">
<kw name="close application" library="Setup keywords">
<kw name="close application" library="Setup keywords">
<kw name="close application" library="Setup keywords">
<kw name="close application" library="Setup keywords">
<kw name="close application" library="Setup keywords">
<kw name="close application" library="Setup keywords">
<kw name="close application" library="Setup keywords">
<kw name="close application" library="Setup keywords">
<kw name="close application" library="Setup keywords">
<kw name="close application" library="Setup keywords">
<kw name="close application" library="Setup keywords">
<kw name="close application" library="Setup keywords">
<kw name="close application" library="Setup keywords">
<kw name="close application" library="Setup keywords">
<kw name="close application" library="Setup keywords">
<kw name="close application" library="Setup keywords">
<kw name="close application" library="Setup keywords">
<kw name="close application" library="Setup keywords">
<kw name="close application" library="Setup keywords">
<kw name="close application" library="Setup keywords">
<kw name="close application" library="Setup keywords">
<kw name="close application" library="Setup keywords">
<kw name="close application" library="Setup keywords">
<kw name="close application" library="Setup keywords">
<kw name="close application" library="Setup keywords">
<kw name="close application" library="Setup keywords">
<kw name="close application" library="Setup keywords">
<kw name="close application" library="Setup keywords">
<kw name="close application" library="Setup keywords">
<kw name="close application" library="Setup keywords">
<kw name="close application" library="Setup keywords">
<kw name="close application" library="Setup keywords">
<kw name="close application" library="Setup keywords">
<kw name="close application" library="Setup keywords">
<kw name="close application" library="Setup keywords">
<kw name="close application" library="Setup keywords">
<kw name="close application" library="Setup keywords">
<kw name="close application" library="Setup keywords">
<kw name="close application" library="Setup keywords">
<kw name="close application" library="Setup keywords">
<kw name="close application" library="Setup keywords">
<kw name="close application" library="Setup keywords">
<kw name="close application" library="Setup keywords">
<kw name="close application" library="Setup keywords">
<kw name="close application" library="Setup keywords">
<kw name="close application" library="Setup keywords">
<kw name="close application" library="Setup keywords">
<kw name="close application" library="Setup keywords">
<kw name="close application" library="Setup keywords">
<kw name="close application" library="Setup keywords">
<kw name="close application" library="Setup keywords">
<kw name="close application" library="Setup keywords">
<kw name="close application" library="Setup keywords">
<kw name="close application" library="Setup keywords">
<kw name="close application" library="Setup keywords">
<kw name="close application" library="Setup keywords">
<kw name="close application" library="Setup keywords">
<kw name="close application" library="Setup keywords">
<kw name="close application" library="Setup keywords">
<kw name="close application" library="Setup keywords">
<kw name="close application" library="Setup keywords">
<kw name="close application" library="Setup keywords">
<kw name="close application" library="Setup keywords">
<kw name="close application" library="Setup keywords">
<kw name="close application" library="Setup keywords">
<kw name="close application" library="Setup keywords">
<kw name="close application" library="Setup keywords">
<kw name="close application" library="Setup keywords">
<kw name="close application" library="Setup keywords">
<kw name="close application" library="Setup keywords">
<kw name="close application" library="Setup keywords">
<kw name="close application" library="Setup keywords">
<kw name="close application" library="Setup keywords">
<kw name="close application" library="Setup keywords">
<kw name="close application" library="Setup keywords">
<kw name="close application" library="Setup keywords">
<kw name="close application" library="Setup keywords">
<kw name="close application" library="Setup keywords">
<kw name="close application" library="Setup keywords">
<kw name="close application" library="Setup keywords">
<kw name="close application" library="Setup keywords">
<kw name="close application" library="Setup keywords">
<kw name="close application" library="Setup keywords">
<kw name="close application" library="Setup keywords">
<kw name="close application" library="Setup keywords">
<kw name="close application" library="Setup keywords">
<kw name="close application" library="Setup keywords">
<kw name="close application" library="Setup keywords">
<kw name="close application" library="Setup keywords">
<kw name="close application" library="Setup keywords">
<kw name="close application" library="Setup keywords">
<kw name="close application" library="Setup keywords">
<kw name="close application" library="Setup keywords">
<kw name="close application" library="Setup keywords">
<kw name="close application" library="Setup keywords">
<kw name="close application" library="Setup keywords">
<kw name="close application" library="Setup keywords">
<kw name="close application" library="Setup keywords">
<msg timestamp="20230228 18:26:59.239" level="FAIL">Maximum limit of started keywords and control structures exceeded.</msg>
<status status="FAIL" starttime="20230228 18:26:59.239" endtime="20230228 18:26:59.239"/>
</kw>
<msg timestamp="20230228 18:26:59.239" level="FAIL">Maximum limit of started keywords and control structures exceeded.</msg>
<status status="FAIL" starttime="20230228 18:26:59.238" endtime="20230228 18:26:59.239"/>
</kw>
<msg timestamp="20230228 18:26:59.239" level="FAIL">Maximum limit of started keywords and control structures exceeded.</msg>
<status status="FAIL" starttime="20230228 18:26:59.238" endtime="20230228 18:26:59.239"/>
</kw>
<msg timestamp="20230228 18:26:59.239" level="FAIL">Maximum limit of started keywords and control structures exceeded.</msg>
<status status="FAIL" starttime="20230228 18:26:59.238" endtime="20230228 18:26:59.239"/>
</kw>
<msg timestamp="20230228 18:26:59.240" level="FAIL">Maximum limit of started keywords and control structures exceeded.</msg>
<status status="FAIL" starttime="20230228 18:26:59.237" endtime="20230228 18:26:59.240"/>
</kw>
<msg timestamp="20230228 18:26:59.240" level="FAIL">Maximum limit of started keywords and control structures exceeded.</msg>
<status status="FAIL" starttime="20230228 18:26:59.237" endtime="20230228 18:26:59.240"/>
</kw>
<msg timestamp="20230228 18:26:59.240" level="FAIL">Maximum limit of started keywords and control structures exceeded.</msg>
<status status="FAIL" starttime="20230228 18:26:59.236" endtime="20230228 18:26:59.240"/>
</kw>
<msg timestamp="20230228 18:26:59.240" level="FAIL">Maximum limit of started keywords and control structures exceeded.</msg>
<status status="FAIL" starttime="20230228 18:26:59.236" endtime="20230228 18:26:59.240"/>
</kw>
<msg timestamp="20230228 18:26:59.240" level="FAIL">Maximum limit of started keywords and control structures exceeded.</msg>
<status status="FAIL" starttime="20230228 18:26:59.236" endtime="20230228 18:26:59.240"/>
</kw>
<msg timestamp="20230228 18:26:59.241" level="FAIL">Maximum limit of started keywords and control structures exceeded.</msg>
<status status="FAIL" starttime="20230228 18:26:59.236" endtime="20230228 18:26:59.241"/>
</kw>
<msg timestamp="20230228 18:26:59.241" level="FAIL">Maximum limit of started keywords and control structures exceeded.</msg>
<status status="FAIL" starttime="20230228 18:26:59.235" endtime="20230228 18:26:59.241"/>
</kw>
<msg timestamp="20230228 18:26:59.241" level="FAIL">Maximum limit of started keywords and control structures exceeded.</msg>
<status status="FAIL" starttime="20230228 18:26:59.235" endtime="20230228 18:26:59.241"/>
</kw>
<msg timestamp="20230228 18:26:59.242" level="FAIL">Maximum limit of started keywords and control structures exceeded.</msg>
<status status="FAIL" starttime="20230228 18:26:59.235" endtime="20230228 18:26:59.242"/>
</kw>
<msg timestamp="20230228 18:26:59.242" level="FAIL">Maximum limit of started keywords and control structures exceeded.</msg>
<status status="FAIL" starttime="20230228 18:26:59.235" endtime="20230228 18:26:59.242"/>
</kw>
<msg timestamp="20230228 18:26:59.242" level="FAIL">Maximum limit of started keywords and control structures exceeded.</msg>
<status status="FAIL" starttime="20230228 18:26:59.234" endtime="20230228 18:26:59.242"/>
</kw>
<msg timestamp="20230228 18:26:59.242" level="FAIL">Maximum limit of started keywords and control structures exceeded.</msg>
<status status="FAIL" starttime="20230228 18:26:59.234" endtime="20230228 18:26:59.242"/>
</kw>
<msg timestamp="20230228 18:26:59.242" level="FAIL">Maximum limit of started keywords and control structures exceeded.</msg>
<status status="FAIL" starttime="20230228 18:26:59.234" endtime="20230228 18:26:59.242"/>
</kw>
<msg timestamp="20230228 18:26:59.243" level="FAIL">Maximum limit of started keywords and control structures exceeded.</msg>
<status status="FAIL" starttime="20230228 18:26:59.234" endtime="20230228 18:26:59.243"/>
</kw>
<msg timestamp="20230228 18:26:59.243" level="FAIL">Maximum limit of started keywords and control structures exceeded.</msg>
<status status="FAIL" starttime="20230228 18:26:59.233" endtime="20230228 18:26:59.243"/>
</kw>
<msg timestamp="20230228 18:26:59.243" level="FAIL">Maximum limit of started keywords and control structures exceeded.</msg>
<status status="FAIL" starttime="20230228 18:26:59.233" endtime="20230228 18:26:59.243"/>
</kw>
<msg timestamp="20230228 18:26:59.256" level="FAIL">Maximum limit of started keywords and control structures exceeded.</msg>
<status status="FAIL" starttime="20230228 18:26:59.233" endtime="20230228 18:26:59.256"/>
</kw>
<msg timestamp="20230228 18:26:59.256" level="FAIL">Maximum limit of started keywords and control structures exceeded.</msg>
<status status="FAIL" starttime="20230228 18:26:59.233" endtime="20230228 18:26:59.256"/>
</kw>
<msg timestamp="20230228 18:26:59.256" level="FAIL">Maximum limit of started keywords and control structures exceeded.</msg>
<status status="FAIL" starttime="20230228 18:26:59.232" endtime="20230228 18:26:59.256"/>
</kw>
<msg timestamp="20230228 18:26:59.256" level="FAIL">Maximum limit of started keywords and control structures exceeded.</msg>
<status status="FAIL" starttime="20230228 18:26:59.232" endtime="20230228 18:26:59.256"/>
</kw>
<msg timestamp="20230228 18:26:59.257" level="FAIL">Maximum limit of started keywords and control structures exceeded.</msg>
<status status="FAIL" starttime="20230228 18:26:59.232" endtime="20230228 18:26:59.257"/>
</kw>
<msg timestamp="20230228 18:26:59.257" level="FAIL">Maximum limit of started keywords and control structures exceeded.</msg>
<status status="FAIL" starttime="20230228 18:26:59.232" endtime="20230228 18:26:59.257"/>
</kw>
<msg timestamp="20230228 18:26:59.257" level="FAIL">Maximum limit of started keywords and control structures exceeded.</msg>
<status status="FAIL" starttime="20230228 18:26:59.232" endtime="20230228 18:26:59.257"/>
</kw>
<msg timestamp="20230228 18:26:59.258" level="FAIL">Maximum limit of started keywords and control structures exceeded.</msg>
<status status="FAIL" starttime="20230228 18:26:59.231" endtime="20230228 18:26:59.258"/>
</kw>
<msg timestamp="20230228 18:26:59.258" level="FAIL">Maximum limit of started keywords and control structures exceeded.</msg>
<status status="FAIL" starttime="20230228 18:26:59.231" endtime="20230228 18:26:59.258"/>
</kw>
<msg timestamp="20230228 18:26:59.258" level="FAIL">Maximum limit of started keywords and control structures exceeded.</msg>
<status status="FAIL" starttime="20230228 18:26:59.231" endtime="20230228 18:26:59.258"/>
</kw>
<msg timestamp="20230228 18:26:59.258" level="FAIL">Maximum limit of started keywords and control structures exceeded.</msg>
<status status="FAIL" starttime="20230228 18:26:59.231" endtime="20230228 18:26:59.258"/>
</kw>
<msg timestamp="20230228 18:26:59.258" level="FAIL">Maximum limit of started keywords and control structures exceeded.</msg>
<status status="FAIL" starttime="20230228 18:26:59.231" endtime="20230228 18:26:59.258"/>
</kw>
<msg timestamp="20230228 18:26:59.259" level="FAIL">Maximum limit of started keywords and control structures exceeded.</msg>
<status status="FAIL" starttime="20230228 18:26:59.230" endtime="20230228 18:26:59.259"/>
</kw>
<msg timestamp="20230228 18:26:59.259" level="FAIL">Maximum limit of started keywords and control structures exceeded.</msg>
<status status="FAIL" starttime="20230228 18:26:59.230" endtime="20230228 18:26:59.259"/>
</kw>
<msg timestamp="20230228 18:26:59.259" level="FAIL">Maximum limit of started keywords and control structures exceeded.</msg>
<status status="FAIL" starttime="20230228 18:26:59.230" endtime="20230228 18:26:59.259"/>
</kw>
<msg timestamp="20230228 18:26:59.259" level="FAIL">Maximum limit of started keywords and control structures exceeded.</msg>
<status status="FAIL" starttime="20230228 18:26:59.230" endtime="20230228 18:26:59.259"/>
</kw>
<msg timestamp="20230228 18:26:59.259" level="FAIL">Maximum limit of started keywords and control structures exceeded.</msg>
<status status="FAIL" starttime="20230228 18:26:59.230" endtime="20230228 18:26:59.259"/>
</kw>
<msg timestamp="20230228 18:26:59.259" level="FAIL">Maximum limit of started keywords and control structures exceeded.</msg>
<status status="FAIL" starttime="20230228 18:26:59.230" endtime="20230228 18:26:59.259"/>
</kw>
<msg timestamp="20230228 18:26:59.260" level="FAIL">Maximum limit of started keywords and control structures exceeded.</msg>
<status status="FAIL" starttime="20230228 18:26:59.229" endtime="20230228 18:26:59.260"/>
</kw>
<msg timestamp="20230228 18:26:59.260" level="FAIL">Maximum limit of started keywords and control structures exceeded.</msg>
<status status="FAIL" starttime="20230228 18:26:59.229" endtime="20230228 18:26:59.260"/>
</kw>
<msg timestamp="20230228 18:26:59.260" level="FAIL">Maximum limit of started keywords and control structures exceeded.</msg>
<status status="FAIL" starttime="20230228 18:26:59.229" endtime="20230228 18:26:59.260"/>
</kw>
<msg timestamp="20230228 18:26:59.261" level="FAIL">Maximum limit of started keywords and control structures exceeded.</msg>
<status status="FAIL" starttime="20230228 18:26:59.229" endtime="20230228 18:26:59.261"/>
</kw>
<msg timestamp="20230228 18:26:59.261" level="FAIL">Maximum limit of started keywords and control structures exceeded.</msg>
<status status="FAIL" starttime="20230228 18:26:59.229" endtime="20230228 18:26:59.261"/>
</kw>
<msg timestamp="20230228 18:26:59.261" level="FAIL">Maximum limit of started keywords and control structures exceeded.</msg>
<status status="FAIL" starttime="20230228 18:26:59.228" endtime="20230228 18:26:59.261"/>
</kw>
<msg timestamp="20230228 18:26:59.261" level="FAIL">Maximum limit of started keywords and control structures exceeded.</msg>
<status status="FAIL" starttime="20230228 18:26:59.228" endtime="20230228 18:26:59.261"/>
</kw>
<msg timestamp="20230228 18:26:59.261" level="FAIL">Maximum limit of started keywords and control structures exceeded.</msg>
<status status="FAIL" starttime="20230228 18:26:59.228" endtime="20230228 18:26:59.261"/>
</kw>
<msg timestamp="20230228 18:26:59.262" level="FAIL">Maximum limit of started keywords and control structures exceeded.</msg>
<status status="FAIL" starttime="20230228 18:26:59.228" endtime="20230228 18:26:59.262"/>
</kw>
<msg timestamp="20230228 18:26:59.262" level="FAIL">Maximum limit of started keywords and control structures exceeded.</msg>
<status status="FAIL" starttime="20230228 18:26:59.228" endtime="20230228 18:26:59.262"/>
</kw>
<msg timestamp="20230228 18:26:59.262" level="FAIL">Maximum limit of started keywords and control structures exceeded.</msg>
<status status="FAIL" starttime="20230228 18:26:59.228" endtime="20230228 18:26:59.262"/>
</kw>
<msg timestamp="20230228 18:26:59.262" level="FAIL">Maximum limit of started keywords and control structures exceeded.</msg>
<status status="FAIL" starttime="20230228 18:26:59.227" endtime="20230228 18:26:59.262"/>
</kw>
<msg timestamp="20230228 18:26:59.262" level="FAIL">Maximum limit of started keywords and control structures exceeded.</msg>
<status status="FAIL" starttime="20230228 18:26:59.227" endtime="20230228 18:26:59.262"/>
</kw>
<msg timestamp="20230228 18:26:59.263" level="FAIL">Maximum limit of started keywords and control structures exceeded.</msg>
<status status="FAIL" starttime="20230228 18:26:59.227" endtime="20230228 18:26:59.263"/>
</kw>
<msg timestamp="20230228 18:26:59.263" level="FAIL">Maximum limit of started keywords and control structures exceeded.</msg>
<status status="FAIL" starttime="20230228 18:26:59.227" endtime="20230228 18:26:59.263"/>
</kw>
<msg timestamp="20230228 18:26:59.263" level="FAIL">Maximum limit of started keywords and control structures exceeded.</msg>
<status status="FAIL" starttime="20230228 18:26:59.227" endtime="20230228 18:26:59.263"/>
</kw>
<msg timestamp="20230228 18:26:59.263" level="FAIL">Maximum limit of started keywords and control structures exceeded.</msg>
<status status="FAIL" starttime="20230228 18:26:59.227" endtime="20230228 18:26:59.263"/>
</kw>
<msg timestamp="20230228 18:26:59.263" level="FAIL">Maximum limit of started keywords and control structures exceeded.</msg>
<status status="FAIL" starttime="20230228 18:26:59.226" endtime="20230228 18:26:59.263"/>
</kw>
<msg timestamp="20230228 18:26:59.263" level="FAIL">Maximum limit of started keywords and control structures exceeded.</msg>
<status status="FAIL" starttime="20230228 18:26:59.226" endtime="20230228 18:26:59.264"/>
</kw>
<msg timestamp="20230228 18:26:59.264" level="FAIL">Maximum limit of started keywords and control structures exceeded.</msg>
<status status="FAIL" starttime="20230228 18:26:59.225" endtime="20230228 18:26:59.264"/>
</kw>
<msg timestamp="20230228 18:26:59.264" level="FAIL">Maximum limit of started keywords and control structures exceeded.</msg>
<status status="FAIL" starttime="20230228 18:26:59.225" endtime="20230228 18:26:59.264"/>
</kw>
<msg timestamp="20230228 18:26:59.264" level="FAIL">Maximum limit of started keywords and control structures exceeded.</msg>
<status status="FAIL" starttime="20230228 18:26:59.225" endtime="20230228 18:26:59.264"/>
</kw>
<msg timestamp="20230228 18:26:59.264" level="FAIL">Maximum limit of started keywords and control structures exceeded.</msg>
<status status="FAIL" starttime="20230228 18:26:59.225" endtime="20230228 18:26:59.264"/>
</kw>
<msg timestamp="20230228 18:26:59.264" level="FAIL">Maximum limit of started keywords and control structures exceeded.</msg>
<status status="FAIL" starttime="20230228 18:26:59.225" endtime="20230228 18:26:59.264"/>
</kw>
<msg timestamp="20230228 18:26:59.265" level="FAIL">Maximum limit of started keywords and control structures exceeded.</msg>
<status status="FAIL" starttime="20230228 18:26:59.225" endtime="20230228 18:26:59.265"/>
</kw>
<msg timestamp="20230228 18:26:59.265" level="FAIL">Maximum limit of started keywords and control structures exceeded.</msg>
<status status="FAIL" starttime="20230228 18:26:59.225" endtime="20230228 18:26:59.265"/>
</kw>
<msg timestamp="20230228 18:26:59.265" level="FAIL">Maximum limit of started keywords and control structures exceeded.</msg>
<status status="FAIL" starttime="20230228 18:26:59.224" endtime="20230228 18:26:59.265"/>
</kw>
<msg timestamp="20230228 18:26:59.265" level="FAIL">Maximum limit of started keywords and control structures exceeded.</msg>
<status status="FAIL" starttime="20230228 18:26:59.224" endtime="20230228 18:26:59.265"/>
</kw>
<msg timestamp="20230228 18:26:59.265" level="FAIL">Maximum limit of started keywords and control structures exceeded.</msg>
<status status="FAIL" starttime="20230228 18:26:59.223" endtime="20230228 18:26:59.265"/>
</kw>
<msg timestamp="20230228 18:26:59.266" level="FAIL">Maximum limit of started keywords and control structures exceeded.</msg>
<status status="FAIL" starttime="20230228 18:26:59.223" endtime="20230228 18:26:59.266"/>
</kw>
<msg timestamp="20230228 18:26:59.266" level="FAIL">Maximum limit of started keywords and control structures exceeded.</msg>
<status status="FAIL" starttime="20230228 18:26:59.223" endtime="20230228 18:26:59.266"/>
</kw>
<msg timestamp="20230228 18:26:59.266" level="FAIL">Maximum limit of started keywords and control structures exceeded.</msg>
<status status="FAIL" starttime="20230228 18:26:59.223" endtime="20230228 18:26:59.266"/>
</kw>
<msg timestamp="20230228 18:26:59.266" level="FAIL">Maximum limit of started keywords and control structures exceeded.</msg>
<status status="FAIL" starttime="20230228 18:26:59.223" endtime="20230228 18:26:59.266"/>
</kw>
<msg timestamp="20230228 18:26:59.266" level="FAIL">Maximum limit of started keywords and control structures exceeded.</msg>
<status status="FAIL" starttime="20230228 18:26:59.222" endtime="20230228 18:26:59.266"/>
</kw>
<msg timestamp="20230228 18:26:59.267" level="FAIL">Maximum limit of started keywords and control structures exceeded.</msg>
<status status="FAIL" starttime="20230228 18:26:59.222" endtime="20230228 18:26:59.267"/>
</kw>
<msg timestamp="20230228 18:26:59.267" level="FAIL">Maximum limit of started keywords and control structures exceeded.</msg>
<status status="FAIL" starttime="20230228 18:26:59.222" endtime="20230228 18:26:59.267"/>
</kw>
<msg timestamp="20230228 18:26:59.267" level="FAIL">Maximum limit of started keywords and control structures exceeded.</msg>
<status status="FAIL" starttime="20230228 18:26:59.222" endtime="20230228 18:26:59.267"/>
</kw>
<msg timestamp="20230228 18:26:59.267" level="FAIL">Maximum limit of started keywords and control structures exceeded.</msg>
<status status="FAIL" starttime="20230228 18:26:59.222" endtime="20230228 18:26:59.267"/>
</kw>
<msg timestamp="20230228 18:26:59.267" level="FAIL">Maximum limit of started keywords and control structures exceeded.</msg>
<status status="FAIL" starttime="20230228 18:26:59.222" endtime="20230228 18:26:59.267"/>
</kw>
<msg timestamp="20230228 18:26:59.267" level="FAIL">Maximum limit of started keywords and control structures exceeded.</msg>
<status status="FAIL" starttime="20230228 18:26:59.221" endtime="20230228 18:26:59.267"/>
</kw>
<msg timestamp="20230228 18:26:59.268" level="FAIL">Maximum limit of started keywords and control structures exceeded.</msg>
<status status="FAIL" starttime="20230228 18:26:59.221" endtime="20230228 18:26:59.268"/>
</kw>
<msg timestamp="20230228 18:26:59.268" level="FAIL">Maximum limit of started keywords and control structures exceeded.</msg>
<status status="FAIL" starttime="20230228 18:26:59.221" endtime="20230228 18:26:59.268"/>
</kw>
<msg timestamp="20230228 18:26:59.268" level="FAIL">Maximum limit of started keywords and control structures exceeded.</msg>
<status status="FAIL" starttime="20230228 18:26:59.221" endtime="20230228 18:26:59.268"/>
</kw>
<msg timestamp="20230228 18:26:59.268" level="FAIL">Maximum limit of started keywords and control structures exceeded.</msg>
<status status="FAIL" starttime="20230228 18:26:59.221" endtime="20230228 18:26:59.268"/>
</kw>
<msg timestamp="20230228 18:26:59.268" level="FAIL">Maximum limit of started keywords and control structures exceeded.</msg>
<status status="FAIL" starttime="20230228 18:26:59.221" endtime="20230228 18:26:59.268"/>
</kw>
<msg timestamp="20230228 18:26:59.268" level="FAIL">Maximum limit of started keywords and control structures exceeded.</msg>
<status status="FAIL" starttime="20230228 18:26:59.220" endtime="20230228 18:26:59.268"/>
</kw>
<msg timestamp="20230228 18:26:59.268" level="FAIL">Maximum limit of started keywords and control structures exceeded.</msg>
<status status="FAIL" starttime="20230228 18:26:59.220" endtime="20230228 18:26:59.269"/>
</kw>
<msg timestamp="20230228 18:26:59.269" level="FAIL">Maximum limit of started keywords and control structures exceeded.</msg>
<status status="FAIL" starttime="20230228 18:26:59.220" endtime="20230228 18:26:59.269"/>
</kw>
<msg timestamp="20230228 18:26:59.269" level="FAIL">Maximum limit of started keywords and control structures exceeded.</msg>
<status status="FAIL" starttime="20230228 18:26:59.219" endtime="20230228 18:26:59.269"/>
</kw>
<msg timestamp="20230228 18:26:59.269" level="FAIL">Maximum limit of started keywords and control structures exceeded.</msg>
<status status="FAIL" starttime="20230228 18:26:59.219" endtime="20230228 18:26:59.269"/>
</kw>
<msg timestamp="20230228 18:26:59.270" level="FAIL">Maximum limit of started keywords and control structures exceeded.</msg>
<status status="FAIL" starttime="20230228 18:26:59.218" endtime="20230228 18:26:59.270"/>
</kw>
<msg timestamp="20230228 18:26:59.270" level="FAIL">Maximum limit of started keywords and control structures exceeded.</msg>
<status status="FAIL" starttime="20230228 18:26:59.218" endtime="20230228 18:26:59.270"/>
</kw>
<msg timestamp="20230228 18:26:59.270" level="FAIL">Maximum limit of started keywords and control structures exceeded.</msg>
<status status="FAIL" starttime="20230228 18:26:59.218" endtime="20230228 18:26:59.270"/>
</kw>
<msg timestamp="20230228 18:26:59.270" level="FAIL">Maximum limit of started keywords and control structures exceeded.</msg>
<status status="FAIL" starttime="20230228 18:26:59.217" endtime="20230228 18:26:59.270"/>
</kw>
<msg timestamp="20230228 18:26:59.270" level="FAIL">Maximum limit of started keywords and control structures exceeded.</msg>
<status status="FAIL" starttime="20230228 18:26:59.217" endtime="20230228 18:26:59.270"/>
</kw>
<msg timestamp="20230228 18:26:59.270" level="FAIL">Maximum limit of started keywords and control structures exceeded.</msg>
<status status="FAIL" starttime="20230228 18:26:59.217" endtime="20230228 18:26:59.270"/>
</kw>
<msg timestamp="20230228 18:26:59.271" level="FAIL">Maximum limit of started keywords and control structures exceeded.</msg>
<status status="FAIL" starttime="20230228 18:26:59.217" endtime="20230228 18:26:59.271"/>
</kw>
<msg timestamp="20230228 18:26:59.271" level="FAIL">Maximum limit of started keywords and control structures exceeded.</msg>
<status status="FAIL" starttime="20230228 18:26:59.217" endtime="20230228 18:26:59.271"/>
</kw>
<msg timestamp="20230228 18:26:59.271" level="FAIL">Maximum limit of started keywords and control structures exceeded.</msg>
<status status="FAIL" starttime="20230228 18:26:59.216" endtime="20230228 18:26:59.271"/>
</kw>
<msg timestamp="20230228 18:26:59.271" level="FAIL">Maximum limit of started keywords and control structures exceeded.</msg>
<status status="FAIL" starttime="20230228 18:26:59.216" endtime="20230228 18:26:59.271"/>
</kw>
<msg timestamp="20230228 18:26:59.271" level="FAIL">Maximum limit of started keywords and control structures exceeded.</msg>
<status status="FAIL" starttime="20230228 18:26:59.215" endtime="20230228 18:26:59.271"/>
</kw>
<msg timestamp="20230228 18:26:59.271" level="FAIL">Maximum limit of started keywords and control structures exceeded.</msg>
<status status="FAIL" starttime="20230228 18:26:59.215" endtime="20230228 18:26:59.271">Maximum limit of started keywords and control structures exceeded.</status>
</kw>
<doc>Verification that Google Play button redirecting user to Vision Project on play store</doc>
<tag>Regression</tag>
<status status="FAIL" starttime="20230228 18:26:53.649" endtime="20230228 18:26:59.272">Setup failed:
WebDriverException: Message: An unknown server-side error occurred while processing the command. Original error: 'app' option is required for reinstall
Stacktrace:
UnknownError: An unknown server-side error occurred while processing the command. Original error: 'app' option is required for reinstall
    at getResponseForW3CError (C:\Users\ZMO-WIN-ShrikantL-01\AppData\Roaming\npm\node_modules\appium\node_modules\appium-base-driver\lib\protocol\errors.js:804:9)
    at asyncHandler (C:\Users\ZMO-WIN-ShrikantL-01\AppData\Roaming\npm\node_modules\appium\node_modules\appium-base-driver\lib\protocol\protocol.js:380:37)

Also teardown failed:
Maximum limit of started keywords and control structures exceeded.</status>
</test>
<test id="s1-s2-t2" name="Verify that user is able to paste study link using Paste study link" line="26">
<errors>
<msg timestamp="20230228 18:26:59.211" level="WARN">Keyword 'Capture Page Screenshot' could not be run on failure: Multiple keywords with name 'Capture Page Screenshot' found. Give the full name of the keyword you want to use:
    AppiumLibrary.Capture Page Screenshot
    WebApplicationTestLibrary.Capture Page Screenshot</msg>
<msg timestamp="20230228 18:26:59.272" level="ERROR">Maximum limit of started keywords and control structures exceeded.

Try --help for usage information.</msg>
</errors>
</robot>
