<?xml version="1.0" encoding="UTF-8"?>
<robot generator="Robot 6.0.2 (Python 3.11.2 on win32)" generated="20230308 09:38:05.041" rpa="false" schemaversion="3">
    <suite id="s1" name="XYZProject.TestcaseSuite"
           source="D:\FusionTestFramework\Com.XYZProject.Android\XYZProject.TestcaseSuite">
        <suite id="s1-s1" name="TC001 - Tap on 'Privacy policy' and verify user is landing on Privacy policy page"
               source="D:\FusionTestFramework\Com.XYZProject.Android\XYZProject.TestcaseSuite\TC001 - Tap on 'Privacy policy' and verify user is landing on Privacy policy page.robot">
            <kw name="Setup before suit start" library="Setup keywords" type="SETUP">
                <kw name="Start Appium Service" library="MobileTestLibrary">
                    <msg timestamp="20230308 09:38:16.602" level="WARN">Retrying (Retry(total=2, connect=None,
                        read=None, redirect=None, status=None)) after connection broken by 'ConnectTimeoutError(&lt;urllib3.connection.HTTPConnection
                        object at 0x0000012267BDA390&gt;, 'Connection to 127.0.0.1 timed out. (connect timeout=1.0)')':
                        /wd/hub/status
                    </msg>
                    <msg timestamp="20230308 09:38:17.608" level="WARN">Retrying (Retry(total=1, connect=None,
                        read=None, redirect=None, status=None)) after connection broken by 'ConnectTimeoutError(&lt;urllib3.connection.HTTPConnection
                        object at 0x0000012267BDFA50&gt;, 'Connection to 127.0.0.1 timed out. (connect timeout=1.0)')':
                        /wd/hub/status
                    </msg>
                    <msg timestamp="20230308 09:38:18.614" level="WARN">Retrying (Retry(total=0, connect=None,
                        read=None, redirect=None, status=None)) after connection broken by 'ConnectTimeoutError(&lt;urllib3.connection.HTTPConnection
                        object at 0x000001226422E0D0&gt;, 'Connection to 127.0.0.1 timed out. (connect timeout=1.0)')':
                        /wd/hub/status
                    </msg>
                    <msg timestamp="20230308 09:38:20.625" level="FAIL">AppiumServiceError: Appium server process is
                        unable to start. Make sure proper values have been provided to 'node' (C:\Program
                        Files\nodejs\node.exe), 'npm' (C:\Program Files\nodejs\npm.cmd) and 'main_script'
                        (C:\Users\ZMO-WIN-ShrikantL-01\AppData\Roaming\npm\node_modules\appium/build/lib/main.js) method
                        arguments.
                    </msg>
                    <status status="FAIL" starttime="20230308 09:38:05.558" endtime="20230308 09:38:20.635"/>
                </kw>
                <status status="FAIL" starttime="20230308 09:38:05.558" endtime="20230308 09:38:20.636"/>
            </kw>
            <test id="s1-s1-t1" name="Tap on 'Privacy policy' and verify user is landing on Privacy policy page"
                  line="11">
                <doc>Verification that Google Play button redirecting user to Vision Project on play store</doc>
                <tag>Regression</tag>
                <status status="FAIL" starttime="20230308 09:38:20.637" endtime="20230308 09:38:20.639">Parent suite
                    setup failed:
                    AppiumServiceError: Appium server process is unable to start. Make sure proper values have been
                    provided to 'node' (C:\Program Files\nodejs\node.exe), 'npm' (C:\Program Files\nodejs\npm.cmd) and
                    'main_script'
                    (C:\Users\ZMO-WIN-ShrikantL-01\AppData\Roaming\npm\node_modules\appium/build/lib/main.js) method
                    arguments.
                </status>
            </test>
            <kw name="tearDown" library="Setup keywords" type="TEARDOWN">
                <kw name="Stop Appium Service" library="MobileTestLibrary">
                    <status status="PASS" starttime="20230308 09:38:20.641" endtime="20230308 09:38:20.641"/>
                </kw>
                <status status="PASS" starttime="20230308 09:38:20.640" endtime="20230308 09:38:20.641"/>
            </kw>
            <status status="FAIL" starttime="20230308 09:38:05.073" endtime="20230308 09:38:20.641">Suite setup failed:
                AppiumServiceError: Appium server process is unable to start. Make sure proper values have been provided
                to 'node' (C:\Program Files\nodejs\node.exe), 'npm' (C:\Program Files\nodejs\npm.cmd) and 'main_script'
                (C:\Users\ZMO-WIN-ShrikantL-01\AppData\Roaming\npm\node_modules\appium/build/lib/main.js) method
                arguments.
            </status>
        </suite>
        <suite id="s1-s2" name="TC002 - Verify that Deep link URL is providing QR code"
               source="D:\FusionTestFramework\Com.XYZProject.Android\XYZProject.TestcaseSuite\TC002 - Verify that Deep link URL is providing QR code.robot">
            <test id="s1-s2-t1" name="Verify that Deep link URL is providing QR code" line="8">
                <kw name="Launch browser and input url" library="Setup keywords" type="SETUP">
                    <kw name="Open Browser" library="WebApplicationTestLibrary">
                        <arg>${url}</arg>
                        <arg>${Browser}</arg>
                        <doc>Opens a new browser instance to the optional ``url``.</doc>
                        <msg timestamp="20230308 09:38:20.664" level="INFO">Opening browser 'chrome' to base url
                            'https://social.vision-project.co/?studyID=d2563e38-04e4-4c06-8323-f8c4722040b0&amp;userID=Jai'.
                        </msg>
                        <status status="PASS" starttime="20230308 09:38:20.663" endtime="20230308 09:38:28.952"/>
                    </kw>
                    <kw name="Maximize Browser Window" library="WebApplicationTestLibrary">
                        <doc>Maximizes current browser window.</doc>
                        <status status="PASS" starttime="20230308 09:38:28.952" endtime="20230308 09:38:29.079"/>
                    </kw>
                    <status status="PASS" starttime="20230308 09:38:20.663" endtime="20230308 09:38:29.079"/>
                </kw>
                <kw name="wait until QR code generated and validate QR code link details and log to console"
                    library="QR_Code_page_keywords">
                    <kw name="Wait Until Page Contains" library="WebApplicationTestLibrary">
                        <arg>Study cannot be conducted here</arg>
                        <doc>Waits until ``text`` appears on the current page.</doc>
                        <status status="PASS" starttime="20230308 09:38:29.080" endtime="20230308 09:38:29.101"/>
                    </kw>
                    <kw name="Element Should Be Visible" library="WebApplicationTestLibrary">
                        <arg>${QR_Code}</arg>
                        <doc>Verifies that the element identified by ``locator`` is visible.</doc>
                        <msg timestamp="20230308 09:38:29.167" level="INFO">Element '//*[@viewBox='0 0 256 256']' is
                            displayed.
                        </msg>
                        <status status="PASS" starttime="20230308 09:38:29.101" endtime="20230308 09:38:29.167"/>
                    </kw>
                    <kw name="Capture Element Screenshot" library="WebApplicationTestLibrary">
                        <var>${captured_img}</var>
                        <arg>${QR_Code}</arg>
                        <doc>Captures a screenshot from the element identified by ``locator`` and embeds it into log
                            file.
                        </doc>
                        <msg timestamp="20230308 09:38:29.304" level="INFO" html="true">&lt;/td&gt;&lt;/tr&gt;&lt;tr&gt;&lt;td
                            colspan="3"&gt;&lt;a href="selenium-element-screenshot-1.png"&gt;&lt;img
                            src="selenium-element-screenshot-1.png" width="400px"&gt;&lt;/a&gt;
                        </msg>
                        <msg timestamp="20230308 09:38:29.304" level="INFO">${captured_img} =
                            D:\FusionTestFramework\Com.XYZProject.Android\XYZProject.TestResults\08-03-23_09-38-05\selenium-element-screenshot-1.png
                        </msg>
                        <status status="PASS" starttime="20230308 09:38:29.167" endtime="20230308 09:38:29.304"/>
                    </kw>
                    <kw name="Scan QR Code" library="WebApplicationTestLibrary">
                        <var>${QRCodedata}</var>
                        <arg>${captured_img}</arg>
                        <msg timestamp="20230308 09:38:30.500" level="INFO">3.4.1 (3, 4, 1)</msg>
                        <msg timestamp="20230308 09:38:30.500" level="INFO">${QRCodedata} =
                            BarCode(raw='https://social.vision-project.co/?studyID=d2563e38-04e4-4c06-8323-f8c4722040b0&amp;userID=Jai',
                            parsed='https://social.vision-project.co/?studyID=d2563e38-04e4-4c06-8323-f8c4722040b0&amp;userID=J...
                        </msg>
                        <status status="PASS" starttime="20230308 09:38:29.304" endtime="20230308 09:38:30.500"/>
                    </kw>
                    <kw name="Log To Console" library="BuiltIn">
                        <arg>${QRCodedata}</arg>
                        <doc>Logs the given message to the console.</doc>
                        <status status="PASS" starttime="20230308 09:38:30.501" endtime="20230308 09:38:30.501"/>
                    </kw>
                    <status status="PASS" starttime="20230308 09:38:29.080" endtime="20230308 09:38:30.501"/>
                </kw>
                <kw name="Close Browser" library="WebApplicationTestLibrary" type="TEARDOWN">
                    <doc>Closes the current browser.</doc>
                    <status status="PASS" starttime="20230308 09:38:30.501" endtime="20230308 09:38:33.098"/>
                </kw>
                <doc>verification of barcode generation of specified link</doc>
                <tag>Regression</tag>
                <status status="PASS" starttime="20230308 09:38:20.662" endtime="20230308 09:38:33.098"/>
            </test>
            <status status="PASS" starttime="20230308 09:38:20.643" endtime="20230308 09:38:33.099"/>
        </suite>
        <suite id="s1-s3" name="TC003 - Verify that Google Play button redirecting user to Vision Project on play store"
               source="D:\FusionTestFramework\Com.XYZProject.Android\XYZProject.TestcaseSuite\TC003 - Verify that Google Play button redirecting user to Vision Project on play store.robot">
            <kw name="Setup before suit start" library="Setup keywords" type="SETUP">
                <kw name="Start Appium Service" library="MobileTestLibrary">
                    <msg timestamp="20230308 09:38:35.028" level="WARN">Retrying (Retry(total=2, connect=None,
                        read=None, redirect=None, status=None)) after connection broken by 'ConnectTimeoutError(&lt;urllib3.connection.HTTPConnection
                        object at 0x0000012267A70190&gt;, 'Connection to 127.0.0.1 timed out. (connect timeout=1.0)')':
                        /wd/hub/status
                    </msg>
                    <msg timestamp="20230308 09:38:36.042" level="WARN">Retrying (Retry(total=1, connect=None,
                        read=None, redirect=None, status=None)) after connection broken by 'ConnectTimeoutError(&lt;urllib3.connection.HTTPConnection
                        object at 0x0000012267C18910&gt;, 'Connection to 127.0.0.1 timed out. (connect timeout=1.0)')':
                        /wd/hub/status
                    </msg>
                    <msg timestamp="20230308 09:38:37.047" level="WARN">Retrying (Retry(total=0, connect=None,
                        read=None, redirect=None, status=None)) after connection broken by 'ConnectTimeoutError(&lt;urllib3.connection.HTTPConnection
                        object at 0x0000012266D7F510&gt;, 'Connection to 127.0.0.1 timed out. (connect timeout=1.0)')':
                        /wd/hub/status
                    </msg>
                    <msg timestamp="20230308 09:38:39.059" level="FAIL">AppiumServiceError: Appium server process is
                        unable to start. Make sure proper values have been provided to 'node' (C:\Program
                        Files\nodejs\node.exe), 'npm' (C:\Program Files\nodejs\npm.cmd) and 'main_script'
                        (C:\Users\ZMO-WIN-ShrikantL-01\AppData\Roaming\npm\node_modules\appium/build/lib/main.js) method
                        arguments.
                    </msg>
                    <status status="FAIL" starttime="20230308 09:38:33.124" endtime="20230308 09:38:39.059"/>
                </kw>
                <status status="FAIL" starttime="20230308 09:38:33.123" endtime="20230308 09:38:39.060"/>
            </kw>
            <test id="s1-s3-t1" name="Verify that Google Play button redirecting user to Vision Project on play store"
                  line="11">
                <doc>Verification that Google Play button redirecting user to Vision Project on play store</doc>
                <tag>Regression</tag>
                <status status="FAIL" starttime="20230308 09:38:39.060" endtime="20230308 09:38:39.061">Parent suite
                    setup failed:
                    AppiumServiceError: Appium server process is unable to start. Make sure proper values have been
                    provided to 'node' (C:\Program Files\nodejs\node.exe), 'npm' (C:\Program Files\nodejs\npm.cmd) and
                    'main_script'
                    (C:\Users\ZMO-WIN-ShrikantL-01\AppData\Roaming\npm\node_modules\appium/build/lib/main.js) method
                    arguments.
                </status>
            </test>
            <kw name="tearDown" library="Setup keywords" type="TEARDOWN">
                <kw name="Stop Appium Service" library="MobileTestLibrary">
                    <status status="PASS" starttime="20230308 09:38:39.062" endtime="20230308 09:38:39.062"/>
                </kw>
                <status status="PASS" starttime="20230308 09:38:39.061" endtime="20230308 09:38:39.062"/>
            </kw>
            <status status="FAIL" starttime="20230308 09:38:33.101" endtime="20230308 09:38:39.062">Suite setup failed:
                AppiumServiceError: Appium server process is unable to start. Make sure proper values have been provided
                to 'node' (C:\Program Files\nodejs\node.exe), 'npm' (C:\Program Files\nodejs\npm.cmd) and 'main_script'
                (C:\Users\ZMO-WIN-ShrikantL-01\AppData\Roaming\npm\node_modules\appium/build/lib/main.js) method
                arguments.
            </status>
        </suite>
        <suite id="s1-s4"
               name="TC004 - Verify that if social app is not installed on phone then App was not found screen appears"
               source="D:\FusionTestFramework\Com.XYZProject.Android\XYZProject.TestcaseSuite\TC004 - Verify that if social app is not installed on phone then App was not found screen appears.robot">
            <kw name="Setup before suit start" library="Setup keywords" type="SETUP">
                <kw name="Start Appium Service" library="MobileTestLibrary">
                    <status status="FAIL" starttime="20230308 09:38:39.078" endtime="20230308 09:38:40.147"/>
                </kw>
                <status status="FAIL" starttime="20230308 09:38:39.078" endtime="20230308 09:38:40.147"/>
            </kw>
            <test id="s1-s4-t1"
                  name="Verify that if social app is not installed on phone then App was not found screen appears"
                  line="10">
                <doc>Verification that if social app is not installed on phone then App was not found screen appears
                </doc>
                <tag>robot:exit</tag>
                <tag>smoke</tag>
                <status status="FAIL" starttime="20230308 09:38:40.148" endtime="20230308 09:38:40.149">Test execution
                    stopped due to a fatal error.
                </status>
            </test>
            <kw name="tearDown" library="Setup keywords" type="TEARDOWN">
                <kw name="Stop Appium Service" library="MobileTestLibrary">
                    <status status="PASS" starttime="20230308 09:38:40.149" endtime="20230308 09:38:40.149"/>
                </kw>
                <status status="PASS" starttime="20230308 09:38:40.149" endtime="20230308 09:38:40.149"/>
            </kw>
            <status status="FAIL" starttime="20230308 09:38:39.063" endtime="20230308 09:38:40.149">Suite setup failed:
                Execution terminated by signal
            </status>
        </suite>
        <suite id="s1-s5" name="TC005 - Verify welcome page journey is as excepted"
               source="D:\FusionTestFramework\Com.XYZProject.Android\XYZProject.TestcaseSuite\TC005 - Verify welcome page journey is as excepted.robot">
            <test id="s1-s5-t1" name="Verify that user is able to paste study link using Paste study link" line="11">
                <doc>Verification that user is able to paste study link using Paste study link</doc>
                <tag>Regression</tag>
                <tag>robot:exit</tag>
                <status status="FAIL" starttime="20230308 09:38:40.151" endtime="20230308 09:38:40.151">Test execution
                    stopped due to a fatal error.
                </status>
            </test>
            <test id="s1-s5-t2" name="Verify that Help page open up when user taps on help icon&quot;?&quot;" line="22">
                <doc>Verification that Help page open up when user taps on help icon"?"</doc>
                <tag>Regression</tag>
                <tag>robot:exit</tag>
                <status status="FAIL" starttime="20230308 09:38:40.151" endtime="20230308 09:38:40.152">Test execution
                    stopped due to a fatal error.
                </status>
            </test>
            <status status="FAIL" starttime="20230308 09:38:40.150" endtime="20230308 09:38:40.152"/>
        </suite>
        <status status="FAIL" starttime="20230308 09:38:05.043" endtime="20230308 09:38:40.153"/>
    </suite>
    <statistics>
        <total>
            <stat pass="1" fail="5" skip="0">All Tests</stat>
        </total>
        <tag>
            <stat pass="1" fail="2" skip="0" info="combined" combined="NOT robot:exit">NOT robot:exit</stat>
            <stat pass="1" fail="4" skip="0">Regression</stat>
            <stat pass="0" fail="1" skip="0">smoke</stat>
        </tag>
        <suite>
            <stat pass="1" fail="5" skip="0" id="s1" name="XYZProject.TestcaseSuite">XYZProject.TestcaseSuite</stat>
            <stat pass="0" fail="1" skip="0" id="s1-s1"
                  name="TC001 - Tap on 'Privacy policy' and verify user is landing on Privacy policy page">
                XYZProject.TestcaseSuite.TC001 - Tap on 'Privacy policy' and verify user is landing on Privacy policy
                page
            </stat>
            <stat pass="1" fail="0" skip="0" id="s1-s2" name="TC002 - Verify that Deep link URL is providing QR code">
                XYZProject.TestcaseSuite.TC002 - Verify that Deep link URL is providing QR code
            </stat>
            <stat pass="0" fail="1" skip="0" id="s1-s3"
                  name="TC003 - Verify that Google Play button redirecting user to Vision Project on play store">
                XYZProject.TestcaseSuite.TC003 - Verify that Google Play button redirecting user to Vision Project on
                play store
            </stat>
            <stat pass="0" fail="1" skip="0" id="s1-s4"
                  name="TC004 - Verify that if social app is not installed on phone then App was not found screen appears">
                XYZProject.TestcaseSuite.TC004 - Verify that if social app is not installed on phone then App was not
                found screen appears
            </stat>
            <stat pass="0" fail="2" skip="0" id="s1-s5" name="TC005 - Verify welcome page journey is as excepted">
                XYZProject.TestcaseSuite.TC005 - Verify welcome page journey is as excepted
            </stat>
        </suite>
    </statistics>
    <errors>
        <msg timestamp="20230308 09:38:16.602" level="WARN">Retrying (Retry(total=2, connect=None, read=None,
            redirect=None, status=None)) after connection broken by 'ConnectTimeoutError(&lt;urllib3.connection.HTTPConnection
            object at 0x0000012267BDA390&gt;, 'Connection to 127.0.0.1 timed out. (connect timeout=1.0)')':
            /wd/hub/status
        </msg>
        <msg timestamp="20230308 09:38:17.608" level="WARN">Retrying (Retry(total=1, connect=None, read=None,
            redirect=None, status=None)) after connection broken by 'ConnectTimeoutError(&lt;urllib3.connection.HTTPConnection
            object at 0x0000012267BDFA50&gt;, 'Connection to 127.0.0.1 timed out. (connect timeout=1.0)')':
            /wd/hub/status
        </msg>
        <msg timestamp="20230308 09:38:18.614" level="WARN">Retrying (Retry(total=0, connect=None, read=None,
            redirect=None, status=None)) after connection broken by 'ConnectTimeoutError(&lt;urllib3.connection.HTTPConnection
            object at 0x000001226422E0D0&gt;, 'Connection to 127.0.0.1 timed out. (connect timeout=1.0)')':
            /wd/hub/status
        </msg>
        <msg timestamp="20230308 09:38:35.028" level="WARN">Retrying (Retry(total=2, connect=None, read=None,
            redirect=None, status=None)) after connection broken by 'ConnectTimeoutError(&lt;urllib3.connection.HTTPConnection
            object at 0x0000012267A70190&gt;, 'Connection to 127.0.0.1 timed out. (connect timeout=1.0)')':
            /wd/hub/status
        </msg>
        <msg timestamp="20230308 09:38:36.042" level="WARN">Retrying (Retry(total=1, connect=None, read=None,
            redirect=None, status=None)) after connection broken by 'ConnectTimeoutError(&lt;urllib3.connection.HTTPConnection
            object at 0x0000012267C18910&gt;, 'Connection to 127.0.0.1 timed out. (connect timeout=1.0)')':
            /wd/hub/status
        </msg>
        <msg timestamp="20230308 09:38:37.047" level="WARN">Retrying (Retry(total=0, connect=None, read=None,
            redirect=None, status=None)) after connection broken by 'ConnectTimeoutError(&lt;urllib3.connection.HTTPConnection
            object at 0x0000012266D7F510&gt;, 'Connection to 127.0.0.1 timed out. (connect timeout=1.0)')':
            /wd/hub/status
        </msg>
    </errors>
</robot>
