<?xml version="1.0" encoding="UTF-8"?>
<robot generator="Robot 6.0.2 (Python 3.11.2 on win32)" generated="20230228 18:52:04.553" rpa="false" schemaversion="3">
<suite id="s1" name="VisionProject.Testsuite" source="D:\com.visionProject.android\Com.visionProject.Android\VisionProject.Testsuite">
<suite id="s1-s1" name="Verify that Deep link URL is providing QR code" source="D:\com.visionProject.android\Com.visionProject.Android\VisionProject.Testsuite\Verify that Deep link URL is providing QR code.robot">
<test id="s1-s1-t1" name="Verify that Deep link URL is providing QR code" line="13">
<kw name="Launch browser and input url" library="Setup keywords">
<kw name="Open Browser" library="WebApplicationTestLibrary">
<arg>${url}</arg>
<arg>${Browser}</arg>
<doc>Opens a new browser instance to the optional ``url``.</doc>
<msg timestamp="20230228 18:52:04.990" level="INFO">Opening browser 'chrome' to base url 'https://social.vision-project.co/?studyID=d2563e38-04e4-4c06-8323-f8c4722040b0&amp;userID=Jai'.</msg>
<status status="PASS" starttime="20230228 18:52:04.990" endtime="20230228 18:52:11.315"/>
</kw>
<kw name="Maximize Browser Window" library="WebApplicationTestLibrary">
<doc>Maximizes current browser window.</doc>
<status status="PASS" starttime="20230228 18:52:11.316" endtime="20230228 18:52:11.467"/>
</kw>
<status status="PASS" starttime="20230228 18:52:04.989" endtime="20230228 18:52:11.468"/>
</kw>
<kw name="wait until QR code generated and validate QR code link details and log to console" library="QR_Code_page_keywords">
<kw name="Wait Until Page Contains" library="WebApplicationTestLibrary">
<arg>Study cannot be conducted here</arg>
<doc>Waits until ``text`` appears on the current page.</doc>
<status status="PASS" starttime="20230228 18:52:11.471" endtime="20230228 18:52:11.526"/>
</kw>
<kw name="Element Should Be Visible" library="WebApplicationTestLibrary">
<arg>${QR_Code}</arg>
<doc>Verifies that the element identified by ``locator`` is visible.</doc>
<msg timestamp="20230228 18:52:11.635" level="INFO">Element '//*[@viewBox='0 0 256 256']' is displayed.</msg>
<status status="PASS" starttime="20230228 18:52:11.526" endtime="20230228 18:52:11.635"/>
</kw>
<kw name="Capture Element Screenshot" library="WebApplicationTestLibrary">
<var>${captured_img}</var>
<arg>${QR_Code}</arg>
<doc>Captures a screenshot from the element identified by ``locator`` and embeds it into log file.</doc>
<msg timestamp="20230228 18:52:11.828" level="INFO" html="true">&lt;/td&gt;&lt;/tr&gt;&lt;tr&gt;&lt;td colspan="3"&gt;&lt;a href="selenium-element-screenshot-1.png"&gt;&lt;img src="selenium-element-screenshot-1.png" width="400px"&gt;&lt;/a&gt;</msg>
<msg timestamp="20230228 18:52:11.829" level="INFO">${captured_img} = D:\com.visionProject.android\Com.visionProject.Android\VisionProject.TestResults\28-02-23_18-52-04\selenium-element-screenshot-1.png</msg>
<status status="PASS" starttime="20230228 18:52:11.635" endtime="20230228 18:52:11.829"/>
</kw>
<kw name="Scan QR Code" library="WebApplicationTestLibrary">
<var>${QRCodedata}</var>
<arg>${captured_img}</arg>
<msg timestamp="20230228 18:52:12.819" level="INFO">3.4.1 (3, 4, 1)</msg>
<msg timestamp="20230228 18:52:12.819" level="INFO">${QRCodedata} = BarCode(raw='https://social.vision-project.co/?studyID=d2563e38-04e4-4c06-8323-f8c4722040b0&amp;userID=Jai', parsed='https://social.vision-project.co/?studyID=d2563e38-04e4-4c06-8323-f8c4722040b0&amp;userID=J...</msg>
<status status="PASS" starttime="20230228 18:52:11.830" endtime="20230228 18:52:12.819"/>
</kw>
<kw name="Log To Console" library="BuiltIn">
<arg>${QRCodedata}</arg>
<doc>Logs the given message to the console.</doc>
<status status="PASS" starttime="20230228 18:52:12.819" endtime="20230228 18:52:12.820"/>
</kw>
<status status="PASS" starttime="20230228 18:52:11.469" endtime="20230228 18:52:12.820"/>
</kw>
<doc>verification of barcode generation of specified link</doc>
<tag>Regression</tag>
<status status="PASS" starttime="20230228 18:52:04.989" endtime="20230228 18:52:12.820"/>
</test>
<status status="PASS" starttime="20230228 18:52:04.576" endtime="20230228 18:52:12.821"/>
</suite>
<suite id="s1-s2" name="Verify that Google Play button redirecting user to Vision Project on play store" source="D:\com.visionProject.android\Com.visionProject.Android\VisionProject.Testsuite\Verify that Google Play button redirecting user to Vision Project on play store.robot">
<kw name="Setup before suit start" library="Setup keywords" type="SETUP">
<kw name="Start Emulator" library="MobileTestLibrary">
<arg>${Emualator_Name}</arg>
<arg>${device_Type}</arg>
<msg timestamp="20230228 18:52:12.833" level="INFO">Testing started</msg>
<status status="PASS" starttime="20230228 18:52:12.833" endtime="20230228 18:52:12.833"/>
</kw>
<kw name="Sleep" library="BuiltIn">
<arg>1</arg>
<doc>Pauses the test executed for the given time.</doc>
<msg timestamp="20230228 18:52:13.834" level="INFO">Slept 1 second</msg>
<status status="PASS" starttime="20230228 18:52:12.834" endtime="20230228 18:52:13.834"/>
</kw>
<kw name="Start Appium Service" library="MobileTestLibrary">
<status status="PASS" starttime="20230228 18:52:13.835" endtime="20230228 18:52:24.855"/>
</kw>
<kw name="Sleep" library="BuiltIn">
<arg>1</arg>
<doc>Pauses the test executed for the given time.</doc>
<msg timestamp="20230228 18:52:25.856" level="INFO">Slept 1 second</msg>
<status status="PASS" starttime="20230228 18:52:24.855" endtime="20230228 18:52:25.856"/>
</kw>
<status status="PASS" starttime="20230228 18:52:12.833" endtime="20230228 18:52:25.856"/>
</kw>
<test id="s1-s2-t1" name="Verify that Google Play button redirecting user to Vision Project on play store" line="14">
<kw name="Launch application" library="Setup keywords" type="SETUP">
<kw name="Open Application" library="AppiumLibrary">
<arg>${remote_url}</arg>
<arg>&amp;{device}</arg>
<doc>Opens a new application to given Appium server.
Capabilities of appium server, Android and iOS,
Please check https://github.com/appium/appium/blob/master/docs/en/writing-running-appium/server-args.md
| *Option*            | *Man.* | *Description*     |
| remote_url          | Yes    | Appium server url |
| alias               | no     | alias             |
| strict_ssl          | No     | allows you to send commands to an invalid certificate host like a self-signed one. |</doc>
<kw name="Capture Page Screenshot">
<msg timestamp="20230228 18:52:37.486" level="FAIL">Multiple keywords with name 'Capture Page Screenshot' found. Give the full name of the keyword you want to use:
    AppiumLibrary.Capture Page Screenshot
    WebApplicationTestLibrary.Capture Page Screenshot</msg>
<status status="FAIL" starttime="20230228 18:52:37.486" endtime="20230228 18:52:37.486"/>
</kw>
<msg timestamp="20230228 18:52:37.489" level="WARN">Keyword 'Capture Page Screenshot' could not be run on failure: Multiple keywords with name 'Capture Page Screenshot' found. Give the full name of the keyword you want to use:
    AppiumLibrary.Capture Page Screenshot
    WebApplicationTestLibrary.Capture Page Screenshot</msg>
<msg timestamp="20230228 18:52:37.489" level="FAIL">WebDriverException: Message: An unknown server-side error occurred while processing the command. Original error: Cannot start the 'com.playgroundxyz.vision_project' application. Visit https://github.com/appium/appium/blob/master/docs/en/writing-running-appium/android/activity-startup.md for troubleshooting. Original error: Activity name '.MainActivity' used to start the app doesn't exist or cannot be launched! Make sure it exists and is a launchable activity
Stacktrace:
UnknownError: An unknown server-side error occurred while processing the command. Original error: Cannot start the 'com.playgroundxyz.vision_project' application. Visit https://github.com/appium/appium/blob/master/docs/en/writing-running-appium/android/activity-startup.md for troubleshooting. Original error: Activity name '.MainActivity' used to start the app doesn't exist or cannot be launched! Make sure it exists and is a launchable activity
    at getResponseForW3CError (C:\Users\ZMO-WIN-ShrikantL-01\AppData\Roaming\npm\node_modules\appium\node_modules\appium-base-driver\lib\protocol\errors.js:804:9)
    at asyncHandler (C:\Users\ZMO-WIN-ShrikantL-01\AppData\Roaming\npm\node_modules\appium\node_modules\appium-base-driver\lib\protocol\protocol.js:380:37)</msg>
<status status="FAIL" starttime="20230228 18:52:25.858" endtime="20230228 18:52:37.498"/>
</kw>
<status status="FAIL" starttime="20230228 18:52:25.858" endtime="20230228 18:52:37.498"/>
</kw>
<kw name="close application" library="Setup keywords" type="TEARDOWN">
<kw name="close application" library="Setup keywords">
<kw name="close application" library="Setup keywords">
<kw name="close application" library="Setup keywords">
<kw name="close application" library="Setup keywords">
<kw name="close application" library="Setup keywords">
<kw name="close application" library="Setup keywords">
<kw name="close application" library="Setup keywords">
<kw name="close application" library="Setup keywords">
<kw name="close application" library="Setup keywords">
<kw name="close application" library="Setup keywords">
<kw name="close application" library="Setup keywords">
<kw name="close application" library="Setup keywords">
<kw name="close application" library="Setup keywords">
<kw name="close application" library="Setup keywords">
<kw name="close application" library="Setup keywords">
<kw name="close application" library="Setup keywords">
<kw name="close application" library="Setup keywords">
<kw name="close application" library="Setup keywords">
<kw name="close application" library="Setup keywords">
<kw name="close application" library="Setup keywords">
<kw name="close application" library="Setup keywords">
<kw name="close application" library="Setup keywords">
<kw name="close application" library="Setup keywords">
<kw name="close application" library="Setup keywords">
<kw name="close application" library="Setup keywords">
<kw name="close application" library="Setup keywords">
<kw name="close application" library="Setup keywords">
<kw name="close application" library="Setup keywords">
<kw name="close application" library="Setup keywords">
<kw name="close application" library="Setup keywords">
<kw name="close application" library="Setup keywords">
<kw name="close application" library="Setup keywords">
<kw name="close application" library="Setup keywords">
<kw name="close application" library="Setup keywords">
<kw name="close application" library="Setup keywords">
<kw name="close application" library="Setup keywords">
<kw name="close application" library="Setup keywords">
<kw name="close application" library="Setup keywords">
<kw name="close application" library="Setup keywords">
<kw name="close application" library="Setup keywords">
<kw name="close application" library="Setup keywords">
<kw name="close application" library="Setup keywords">
<kw name="close application" library="Setup keywords">
<kw name="close application" library="Setup keywords">
<kw name="close application" library="Setup keywords">
<kw name="close application" library="Setup keywords">
<kw name="close application" library="Setup keywords">
<kw name="close application" library="Setup keywords">
<kw name="close application" library="Setup keywords">
<kw name="close application" library="Setup keywords">
<kw name="close application" library="Setup keywords">
<kw name="close application" library="Setup keywords">
<kw name="close application" library="Setup keywords">
<kw name="close application" library="Setup keywords">
<kw name="close application" library="Setup keywords">
<kw name="close application" library="Setup keywords">
<kw name="close application" library="Setup keywords">
<kw name="close application" library="Setup keywords">
<kw name="close application" library="Setup keywords">
<kw name="close application" library="Setup keywords">
<kw name="close application" library="Setup keywords">
<kw name="close application" library="Setup keywords">
<kw name="close application" library="Setup keywords">
<kw name="close application" library="Setup keywords">
<kw name="close application" library="Setup keywords">
<kw name="close application" library="Setup keywords">
<kw name="close application" library="Setup keywords">
<kw name="close application" library="Setup keywords">
<kw name="close application" library="Setup keywords">
<kw name="close application" library="Setup keywords">
<kw name="close application" library="Setup keywords">
<kw name="close application" library="Setup keywords">
<kw name="close application" library="Setup keywords">
<kw name="close application" library="Setup keywords">
<kw name="close application" library="Setup keywords">
<kw name="close application" library="Setup keywords">
<kw name="close application" library="Setup keywords">
<kw name="close application" library="Setup keywords">
<kw name="close application" library="Setup keywords">
<kw name="close application" library="Setup keywords">
<kw name="close application" library="Setup keywords">
<kw name="close application" library="Setup keywords">
<kw name="close application" library="Setup keywords">
<kw name="close application" library="Setup keywords">
<kw name="close application" library="Setup keywords">
<kw name="close application" library="Setup keywords">
<kw name="close application" library="Setup keywords">
<kw name="close application" library="Setup keywords">
<kw name="close application" library="Setup keywords">
<kw name="close application" library="Setup keywords">
<kw name="close application" library="Setup keywords">
<kw name="close application" library="Setup keywords">
<kw name="close application" library="Setup keywords">
<kw name="close application" library="Setup keywords">
<kw name="close application" library="Setup keywords">
<kw name="close application" library="Setup keywords">
<kw name="close application" library="Setup keywords">
<kw name="close application" library="Setup keywords">
<kw name="close application" library="Setup keywords">
<msg timestamp="20230228 18:52:37.565" level="FAIL">Maximum limit of started keywords and control structures exceeded.</msg>
<status status="FAIL" starttime="20230228 18:52:37.564" endtime="20230228 18:52:37.566"/>
</kw>
<msg timestamp="20230228 18:52:37.566" level="FAIL">Maximum limit of started keywords and control structures exceeded.</msg>
<status status="FAIL" starttime="20230228 18:52:37.545" endtime="20230228 18:52:37.566"/>
</kw>
<msg timestamp="20230228 18:52:37.566" level="FAIL">Maximum limit of started keywords and control structures exceeded.</msg>
<status status="FAIL" starttime="20230228 18:52:37.544" endtime="20230228 18:52:37.566"/>
</kw>
<msg timestamp="20230228 18:52:37.567" level="FAIL">Maximum limit of started keywords and control structures exceeded.</msg>
<status status="FAIL" starttime="20230228 18:52:37.544" endtime="20230228 18:52:37.567"/>
</kw>
<msg timestamp="20230228 18:52:37.567" level="FAIL">Maximum limit of started keywords and control structures exceeded.</msg>
<status status="FAIL" starttime="20230228 18:52:37.544" endtime="20230228 18:52:37.567"/>
</kw>
<msg timestamp="20230228 18:52:37.567" level="FAIL">Maximum limit of started keywords and control structures exceeded.</msg>
<status status="FAIL" starttime="20230228 18:52:37.543" endtime="20230228 18:52:37.568"/>
</kw>
<msg timestamp="20230228 18:52:37.568" level="FAIL">Maximum limit of started keywords and control structures exceeded.</msg>
<status status="FAIL" starttime="20230228 18:52:37.543" endtime="20230228 18:52:37.568"/>
</kw>
<msg timestamp="20230228 18:52:37.569" level="FAIL">Maximum limit of started keywords and control structures exceeded.</msg>
<status status="FAIL" starttime="20230228 18:52:37.542" endtime="20230228 18:52:37.569"/>
</kw>
<msg timestamp="20230228 18:52:37.569" level="FAIL">Maximum limit of started keywords and control structures exceeded.</msg>
<status status="FAIL" starttime="20230228 18:52:37.542" endtime="20230228 18:52:37.569"/>
</kw>
<msg timestamp="20230228 18:52:37.569" level="FAIL">Maximum limit of started keywords and control structures exceeded.</msg>
<status status="FAIL" starttime="20230228 18:52:37.541" endtime="20230228 18:52:37.570"/>
</kw>
<msg timestamp="20230228 18:52:37.570" level="FAIL">Maximum limit of started keywords and control structures exceeded.</msg>
<status status="FAIL" starttime="20230228 18:52:37.540" endtime="20230228 18:52:37.570"/>
</kw>
<msg timestamp="20230228 18:52:37.570" level="FAIL">Maximum limit of started keywords and control structures exceeded.</msg>
<status status="FAIL" starttime="20230228 18:52:37.540" endtime="20230228 18:52:37.570"/>
</kw>
<msg timestamp="20230228 18:52:37.570" level="FAIL">Maximum limit of started keywords and control structures exceeded.</msg>
<status status="FAIL" starttime="20230228 18:52:37.539" endtime="20230228 18:52:37.570"/>
</kw>
<msg timestamp="20230228 18:52:37.571" level="FAIL">Maximum limit of started keywords and control structures exceeded.</msg>
<status status="FAIL" starttime="20230228 18:52:37.539" endtime="20230228 18:52:37.571"/>
</kw>
<msg timestamp="20230228 18:52:37.571" level="FAIL">Maximum limit of started keywords and control structures exceeded.</msg>
<status status="FAIL" starttime="20230228 18:52:37.538" endtime="20230228 18:52:37.571"/>
</kw>
<msg timestamp="20230228 18:52:37.571" level="FAIL">Maximum limit of started keywords and control structures exceeded.</msg>
<status status="FAIL" starttime="20230228 18:52:37.537" endtime="20230228 18:52:37.571"/>
</kw>
<msg timestamp="20230228 18:52:37.571" level="FAIL">Maximum limit of started keywords and control structures exceeded.</msg>
<status status="FAIL" starttime="20230228 18:52:37.537" endtime="20230228 18:52:37.571"/>
</kw>
<msg timestamp="20230228 18:52:37.572" level="FAIL">Maximum limit of started keywords and control structures exceeded.</msg>
<status status="FAIL" starttime="20230228 18:52:37.536" endtime="20230228 18:52:37.572"/>
</kw>
<msg timestamp="20230228 18:52:37.572" level="FAIL">Maximum limit of started keywords and control structures exceeded.</msg>
<status status="FAIL" starttime="20230228 18:52:37.536" endtime="20230228 18:52:37.572"/>
</kw>
<msg timestamp="20230228 18:52:37.573" level="FAIL">Maximum limit of started keywords and control structures exceeded.</msg>
<status status="FAIL" starttime="20230228 18:52:37.533" endtime="20230228 18:52:37.573"/>
</kw>
<msg timestamp="20230228 18:52:37.573" level="FAIL">Maximum limit of started keywords and control structures exceeded.</msg>
<status status="FAIL" starttime="20230228 18:52:37.533" endtime="20230228 18:52:37.573"/>
</kw>
<msg timestamp="20230228 18:52:37.574" level="FAIL">Maximum limit of started keywords and control structures exceeded.</msg>
<status status="FAIL" starttime="20230228 18:52:37.533" endtime="20230228 18:52:37.574"/>
</kw>
<msg timestamp="20230228 18:52:37.574" level="FAIL">Maximum limit of started keywords and control structures exceeded.</msg>
<status status="FAIL" starttime="20230228 18:52:37.532" endtime="20230228 18:52:37.574"/>
</kw>
<msg timestamp="20230228 18:52:37.575" level="FAIL">Maximum limit of started keywords and control structures exceeded.</msg>
<status status="FAIL" starttime="20230228 18:52:37.532" endtime="20230228 18:52:37.575"/>
</kw>
<msg timestamp="20230228 18:52:37.575" level="FAIL">Maximum limit of started keywords and control structures exceeded.</msg>
<status status="FAIL" starttime="20230228 18:52:37.531" endtime="20230228 18:52:37.575"/>
</kw>
<msg timestamp="20230228 18:52:37.576" level="FAIL">Maximum limit of started keywords and control structures exceeded.</msg>
<status status="FAIL" starttime="20230228 18:52:37.531" endtime="20230228 18:52:37.576"/>
</kw>
<msg timestamp="20230228 18:52:37.576" level="FAIL">Maximum limit of started keywords and control structures exceeded.</msg>
<status status="FAIL" starttime="20230228 18:52:37.530" endtime="20230228 18:52:37.576"/>
</kw>
<msg timestamp="20230228 18:52:37.577" level="FAIL">Maximum limit of started keywords and control structures exceeded.</msg>
<status status="FAIL" starttime="20230228 18:52:37.530" endtime="20230228 18:52:37.577"/>
</kw>
<msg timestamp="20230228 18:52:37.577" level="FAIL">Maximum limit of started keywords and control structures exceeded.</msg>
<status status="FAIL" starttime="20230228 18:52:37.529" endtime="20230228 18:52:37.577"/>
</kw>
<msg timestamp="20230228 18:52:37.577" level="FAIL">Maximum limit of started keywords and control structures exceeded.</msg>
<status status="FAIL" starttime="20230228 18:52:37.529" endtime="20230228 18:52:37.578"/>
</kw>
<msg timestamp="20230228 18:52:37.578" level="FAIL">Maximum limit of started keywords and control structures exceeded.</msg>
<status status="FAIL" starttime="20230228 18:52:37.529" endtime="20230228 18:52:37.578"/>
</kw>
<msg timestamp="20230228 18:52:37.579" level="FAIL">Maximum limit of started keywords and control structures exceeded.</msg>
<status status="FAIL" starttime="20230228 18:52:37.528" endtime="20230228 18:52:37.579"/>
</kw>
<msg timestamp="20230228 18:52:37.579" level="FAIL">Maximum limit of started keywords and control structures exceeded.</msg>
<status status="FAIL" starttime="20230228 18:52:37.528" endtime="20230228 18:52:37.579"/>
</kw>
<msg timestamp="20230228 18:52:37.579" level="FAIL">Maximum limit of started keywords and control structures exceeded.</msg>
<status status="FAIL" starttime="20230228 18:52:37.527" endtime="20230228 18:52:37.579"/>
</kw>
<msg timestamp="20230228 18:52:37.579" level="FAIL">Maximum limit of started keywords and control structures exceeded.</msg>
<status status="FAIL" starttime="20230228 18:52:37.527" endtime="20230228 18:52:37.579"/>
</kw>
<msg timestamp="20230228 18:52:37.580" level="FAIL">Maximum limit of started keywords and control structures exceeded.</msg>
<status status="FAIL" starttime="20230228 18:52:37.527" endtime="20230228 18:52:37.580"/>
</kw>
<msg timestamp="20230228 18:52:37.580" level="FAIL">Maximum limit of started keywords and control structures exceeded.</msg>
<status status="FAIL" starttime="20230228 18:52:37.526" endtime="20230228 18:52:37.580"/>
</kw>
<msg timestamp="20230228 18:52:37.581" level="FAIL">Maximum limit of started keywords and control structures exceeded.</msg>
<status status="FAIL" starttime="20230228 18:52:37.526" endtime="20230228 18:52:37.581"/>
</kw>
<msg timestamp="20230228 18:52:37.581" level="FAIL">Maximum limit of started keywords and control structures exceeded.</msg>
<status status="FAIL" starttime="20230228 18:52:37.525" endtime="20230228 18:52:37.581"/>
</kw>
<msg timestamp="20230228 18:52:37.581" level="FAIL">Maximum limit of started keywords and control structures exceeded.</msg>
<status status="FAIL" starttime="20230228 18:52:37.525" endtime="20230228 18:52:37.581"/>
</kw>
<msg timestamp="20230228 18:52:37.582" level="FAIL">Maximum limit of started keywords and control structures exceeded.</msg>
<status status="FAIL" starttime="20230228 18:52:37.524" endtime="20230228 18:52:37.582"/>
</kw>
<msg timestamp="20230228 18:52:37.583" level="FAIL">Maximum limit of started keywords and control structures exceeded.</msg>
<status status="FAIL" starttime="20230228 18:52:37.524" endtime="20230228 18:52:37.583"/>
</kw>
<msg timestamp="20230228 18:52:37.583" level="FAIL">Maximum limit of started keywords and control structures exceeded.</msg>
<status status="FAIL" starttime="20230228 18:52:37.524" endtime="20230228 18:52:37.583"/>
</kw>
<msg timestamp="20230228 18:52:37.584" level="FAIL">Maximum limit of started keywords and control structures exceeded.</msg>
<status status="FAIL" starttime="20230228 18:52:37.523" endtime="20230228 18:52:37.584"/>
</kw>
<msg timestamp="20230228 18:52:37.584" level="FAIL">Maximum limit of started keywords and control structures exceeded.</msg>
<status status="FAIL" starttime="20230228 18:52:37.523" endtime="20230228 18:52:37.584"/>
</kw>
<msg timestamp="20230228 18:52:37.584" level="FAIL">Maximum limit of started keywords and control structures exceeded.</msg>
<status status="FAIL" starttime="20230228 18:52:37.522" endtime="20230228 18:52:37.584"/>
</kw>
<msg timestamp="20230228 18:52:37.584" level="FAIL">Maximum limit of started keywords and control structures exceeded.</msg>
<status status="FAIL" starttime="20230228 18:52:37.522" endtime="20230228 18:52:37.584"/>
</kw>
<msg timestamp="20230228 18:52:37.585" level="FAIL">Maximum limit of started keywords and control structures exceeded.</msg>
<status status="FAIL" starttime="20230228 18:52:37.521" endtime="20230228 18:52:37.585"/>
</kw>
<msg timestamp="20230228 18:52:37.585" level="FAIL">Maximum limit of started keywords and control structures exceeded.</msg>
<status status="FAIL" starttime="20230228 18:52:37.521" endtime="20230228 18:52:37.585"/>
</kw>
<msg timestamp="20230228 18:52:37.586" level="FAIL">Maximum limit of started keywords and control structures exceeded.</msg>
<status status="FAIL" starttime="20230228 18:52:37.520" endtime="20230228 18:52:37.586"/>
</kw>
<msg timestamp="20230228 18:52:37.586" level="FAIL">Maximum limit of started keywords and control structures exceeded.</msg>
<status status="FAIL" starttime="20230228 18:52:37.520" endtime="20230228 18:52:37.586"/>
</kw>
<msg timestamp="20230228 18:52:37.587" level="FAIL">Maximum limit of started keywords and control structures exceeded.</msg>
<status status="FAIL" starttime="20230228 18:52:37.520" endtime="20230228 18:52:37.587"/>
</kw>
<msg timestamp="20230228 18:52:37.587" level="FAIL">Maximum limit of started keywords and control structures exceeded.</msg>
<status status="FAIL" starttime="20230228 18:52:37.519" endtime="20230228 18:52:37.587"/>
</kw>
<msg timestamp="20230228 18:52:37.587" level="FAIL">Maximum limit of started keywords and control structures exceeded.</msg>
<status status="FAIL" starttime="20230228 18:52:37.519" endtime="20230228 18:52:37.587"/>
</kw>
<msg timestamp="20230228 18:52:37.588" level="FAIL">Maximum limit of started keywords and control structures exceeded.</msg>
<status status="FAIL" starttime="20230228 18:52:37.518" endtime="20230228 18:52:37.588"/>
</kw>
<msg timestamp="20230228 18:52:37.588" level="FAIL">Maximum limit of started keywords and control structures exceeded.</msg>
<status status="FAIL" starttime="20230228 18:52:37.518" endtime="20230228 18:52:37.588"/>
</kw>
<msg timestamp="20230228 18:52:37.589" level="FAIL">Maximum limit of started keywords and control structures exceeded.</msg>
<status status="FAIL" starttime="20230228 18:52:37.517" endtime="20230228 18:52:37.589"/>
</kw>
<msg timestamp="20230228 18:52:37.589" level="FAIL">Maximum limit of started keywords and control structures exceeded.</msg>
<status status="FAIL" starttime="20230228 18:52:37.516" endtime="20230228 18:52:37.589"/>
</kw>
<msg timestamp="20230228 18:52:37.590" level="FAIL">Maximum limit of started keywords and control structures exceeded.</msg>
<status status="FAIL" starttime="20230228 18:52:37.516" endtime="20230228 18:52:37.590"/>
</kw>
<msg timestamp="20230228 18:52:37.590" level="FAIL">Maximum limit of started keywords and control structures exceeded.</msg>
<status status="FAIL" starttime="20230228 18:52:37.516" endtime="20230228 18:52:37.590"/>
</kw>
<msg timestamp="20230228 18:52:37.591" level="FAIL">Maximum limit of started keywords and control structures exceeded.</msg>
<status status="FAIL" starttime="20230228 18:52:37.515" endtime="20230228 18:52:37.591"/>
</kw>
<msg timestamp="20230228 18:52:37.591" level="FAIL">Maximum limit of started keywords and control structures exceeded.</msg>
<status status="FAIL" starttime="20230228 18:52:37.515" endtime="20230228 18:52:37.591"/>
</kw>
<msg timestamp="20230228 18:52:37.591" level="FAIL">Maximum limit of started keywords and control structures exceeded.</msg>
<status status="FAIL" starttime="20230228 18:52:37.515" endtime="20230228 18:52:37.591"/>
</kw>
<msg timestamp="20230228 18:52:37.592" level="FAIL">Maximum limit of started keywords and control structures exceeded.</msg>
<status status="FAIL" starttime="20230228 18:52:37.514" endtime="20230228 18:52:37.592"/>
</kw>
<msg timestamp="20230228 18:52:37.592" level="FAIL">Maximum limit of started keywords and control structures exceeded.</msg>
<status status="FAIL" starttime="20230228 18:52:37.514" endtime="20230228 18:52:37.592"/>
</kw>
<msg timestamp="20230228 18:52:37.593" level="FAIL">Maximum limit of started keywords and control structures exceeded.</msg>
<status status="FAIL" starttime="20230228 18:52:37.513" endtime="20230228 18:52:37.593"/>
</kw>
<msg timestamp="20230228 18:52:37.593" level="FAIL">Maximum limit of started keywords and control structures exceeded.</msg>
<status status="FAIL" starttime="20230228 18:52:37.513" endtime="20230228 18:52:37.593"/>
</kw>
<msg timestamp="20230228 18:52:37.593" level="FAIL">Maximum limit of started keywords and control structures exceeded.</msg>
<status status="FAIL" starttime="20230228 18:52:37.513" endtime="20230228 18:52:37.593"/>
</kw>
<msg timestamp="20230228 18:52:37.594" level="FAIL">Maximum limit of started keywords and control structures exceeded.</msg>
<status status="FAIL" starttime="20230228 18:52:37.512" endtime="20230228 18:52:37.594"/>
</kw>
<msg timestamp="20230228 18:52:37.594" level="FAIL">Maximum limit of started keywords and control structures exceeded.</msg>
<status status="FAIL" starttime="20230228 18:52:37.512" endtime="20230228 18:52:37.594"/>
</kw>
<msg timestamp="20230228 18:52:37.594" level="FAIL">Maximum limit of started keywords and control structures exceeded.</msg>
<status status="FAIL" starttime="20230228 18:52:37.512" endtime="20230228 18:52:37.594"/>
</kw>
<msg timestamp="20230228 18:52:37.595" level="FAIL">Maximum limit of started keywords and control structures exceeded.</msg>
<status status="FAIL" starttime="20230228 18:52:37.511" endtime="20230228 18:52:37.595"/>
</kw>
<msg timestamp="20230228 18:52:37.596" level="FAIL">Maximum limit of started keywords and control structures exceeded.</msg>
<status status="FAIL" starttime="20230228 18:52:37.510" endtime="20230228 18:52:37.596"/>
</kw>
<msg timestamp="20230228 18:52:37.596" level="FAIL">Maximum limit of started keywords and control structures exceeded.</msg>
<status status="FAIL" starttime="20230228 18:52:37.510" endtime="20230228 18:52:37.596"/>
</kw>
<msg timestamp="20230228 18:52:37.596" level="FAIL">Maximum limit of started keywords and control structures exceeded.</msg>
<status status="FAIL" starttime="20230228 18:52:37.510" endtime="20230228 18:52:37.596"/>
</kw>
<msg timestamp="20230228 18:52:37.597" level="FAIL">Maximum limit of started keywords and control structures exceeded.</msg>
<status status="FAIL" starttime="20230228 18:52:37.510" endtime="20230228 18:52:37.597"/>
</kw>
<msg timestamp="20230228 18:52:37.597" level="FAIL">Maximum limit of started keywords and control structures exceeded.</msg>
<status status="FAIL" starttime="20230228 18:52:37.509" endtime="20230228 18:52:37.597"/>
</kw>
<msg timestamp="20230228 18:52:37.597" level="FAIL">Maximum limit of started keywords and control structures exceeded.</msg>
<status status="FAIL" starttime="20230228 18:52:37.509" endtime="20230228 18:52:37.598"/>
</kw>
<msg timestamp="20230228 18:52:37.598" level="FAIL">Maximum limit of started keywords and control structures exceeded.</msg>
<status status="FAIL" starttime="20230228 18:52:37.508" endtime="20230228 18:52:37.598"/>
</kw>
<msg timestamp="20230228 18:52:37.598" level="FAIL">Maximum limit of started keywords and control structures exceeded.</msg>
<status status="FAIL" starttime="20230228 18:52:37.508" endtime="20230228 18:52:37.598"/>
</kw>
<msg timestamp="20230228 18:52:37.599" level="FAIL">Maximum limit of started keywords and control structures exceeded.</msg>
<status status="FAIL" starttime="20230228 18:52:37.508" endtime="20230228 18:52:37.599"/>
</kw>
<msg timestamp="20230228 18:52:37.599" level="FAIL">Maximum limit of started keywords and control structures exceeded.</msg>
<status status="FAIL" starttime="20230228 18:52:37.507" endtime="20230228 18:52:37.600"/>
</kw>
<msg timestamp="20230228 18:52:37.600" level="FAIL">Maximum limit of started keywords and control structures exceeded.</msg>
<status status="FAIL" starttime="20230228 18:52:37.507" endtime="20230228 18:52:37.600"/>
</kw>
<msg timestamp="20230228 18:52:37.601" level="FAIL">Maximum limit of started keywords and control structures exceeded.</msg>
<status status="FAIL" starttime="20230228 18:52:37.506" endtime="20230228 18:52:37.601"/>
</kw>
<msg timestamp="20230228 18:52:37.601" level="FAIL">Maximum limit of started keywords and control structures exceeded.</msg>
<status status="FAIL" starttime="20230228 18:52:37.506" endtime="20230228 18:52:37.602"/>
</kw>
<msg timestamp="20230228 18:52:37.602" level="FAIL">Maximum limit of started keywords and control structures exceeded.</msg>
<status status="FAIL" starttime="20230228 18:52:37.505" endtime="20230228 18:52:37.602"/>
</kw>
<msg timestamp="20230228 18:52:37.602" level="FAIL">Maximum limit of started keywords and control structures exceeded.</msg>
<status status="FAIL" starttime="20230228 18:52:37.505" endtime="20230228 18:52:37.602"/>
</kw>
<msg timestamp="20230228 18:52:37.603" level="FAIL">Maximum limit of started keywords and control structures exceeded.</msg>
<status status="FAIL" starttime="20230228 18:52:37.504" endtime="20230228 18:52:37.603"/>
</kw>
<msg timestamp="20230228 18:52:37.604" level="FAIL">Maximum limit of started keywords and control structures exceeded.</msg>
<status status="FAIL" starttime="20230228 18:52:37.503" endtime="20230228 18:52:37.604"/>
</kw>
<msg timestamp="20230228 18:52:37.604" level="FAIL">Maximum limit of started keywords and control structures exceeded.</msg>
<status status="FAIL" starttime="20230228 18:52:37.503" endtime="20230228 18:52:37.604"/>
</kw>
<msg timestamp="20230228 18:52:37.604" level="FAIL">Maximum limit of started keywords and control structures exceeded.</msg>
<status status="FAIL" starttime="20230228 18:52:37.503" endtime="20230228 18:52:37.604"/>
</kw>
<msg timestamp="20230228 18:52:37.605" level="FAIL">Maximum limit of started keywords and control structures exceeded.</msg>
<status status="FAIL" starttime="20230228 18:52:37.502" endtime="20230228 18:52:37.605"/>
</kw>
<msg timestamp="20230228 18:52:37.605" level="FAIL">Maximum limit of started keywords and control structures exceeded.</msg>
<status status="FAIL" starttime="20230228 18:52:37.502" endtime="20230228 18:52:37.605"/>
</kw>
<msg timestamp="20230228 18:52:37.605" level="FAIL">Maximum limit of started keywords and control structures exceeded.</msg>
<status status="FAIL" starttime="20230228 18:52:37.502" endtime="20230228 18:52:37.606"/>
</kw>
<msg timestamp="20230228 18:52:37.606" level="FAIL">Maximum limit of started keywords and control structures exceeded.</msg>
<status status="FAIL" starttime="20230228 18:52:37.501" endtime="20230228 18:52:37.606"/>
</kw>
<msg timestamp="20230228 18:52:37.606" level="FAIL">Maximum limit of started keywords and control structures exceeded.</msg>
<status status="FAIL" starttime="20230228 18:52:37.500" endtime="20230228 18:52:37.606"/>
</kw>
<msg timestamp="20230228 18:52:37.606" level="FAIL">Maximum limit of started keywords and control structures exceeded.</msg>
<status status="FAIL" starttime="20230228 18:52:37.500" endtime="20230228 18:52:37.607"/>
</kw>
<msg timestamp="20230228 18:52:37.607" level="FAIL">Maximum limit of started keywords and control structures exceeded.</msg>
<status status="FAIL" starttime="20230228 18:52:37.500" endtime="20230228 18:52:37.607"/>
</kw>
<msg timestamp="20230228 18:52:37.607" level="FAIL">Maximum limit of started keywords and control structures exceeded.</msg>
<status status="FAIL" starttime="20230228 18:52:37.499" endtime="20230228 18:52:37.607"/>
</kw>
<msg timestamp="20230228 18:52:37.607" level="FAIL">Maximum limit of started keywords and control structures exceeded.</msg>
<status status="FAIL" starttime="20230228 18:52:37.499" endtime="20230228 18:52:37.608">Maximum limit of started keywords and control structures exceeded.</status>
</kw>
<doc>Verification that Google Play button redirecting user to Vision Project on play store</doc>
<tag>Regression</tag>
<status status="FAIL" starttime="20230228 18:52:25.856" endtime="20230228 18:52:37.608">Setup failed:
WebDriverException: Message: An unknown server-side error occurred while processing the command. Original error: Cannot start the 'com.playgroundxyz.vision_project' application. Visit https://github.com/appium/appium/blob/master/docs/en/writing-running-appium/android/activity-startup.md for troubleshooting. Original error: Activity name '.MainActivity' used to start the app doesn't exist or cannot be launched! Make sure it exists and is a launchable activity
Stacktrace:
UnknownError: An unknown server-side error occurred while processing the command. Original error: Cannot start the 'com.playgroundxyz.vision_project' application. Visit https://github.com/appium/appium/blob/master/docs/en/writing-running-appium/android/activity-startup.md for troubleshooting. Original error: Activity name '.MainActivity' used to start the app doesn't exist or cannot be launched! Make sure it exists and is a launchable activity
    at getResponseForW3CError (C:\Users\ZMO-WIN-ShrikantL-01\AppData\Roaming\npm\node_modules\appium\node_modules\appium-base-driver\lib\protocol\errors.js:804:9)
    at asyncHandler (C:\Users\ZMO-WIN-ShrikantL-01\AppData\Roaming\npm\node_modules\appium\node_modules\appium-base-driver\lib\protocol\protocol.js:380:37)

Also teardown failed:
Maximum limit of started keywords and control structures exceeded.</status>
</test>
<test id="s1-s2-t2" name="Verify that user is able to paste study link using Paste study link" line="26">
<errors>
<msg timestamp="20230228 18:52:37.489" level="WARN">Keyword 'Capture Page Screenshot' could not be run on failure: Multiple keywords with name 'Capture Page Screenshot' found. Give the full name of the keyword you want to use:
    AppiumLibrary.Capture Page Screenshot
    WebApplicationTestLibrary.Capture Page Screenshot</msg>
<msg timestamp="20230228 18:52:37.610" level="ERROR">Maximum limit of started keywords and control structures exceeded.

Try --help for usage information.</msg>
</errors>
</robot>
